  CheckCollision.cpp
C:\Users\Dorjee\Documents\GitHub\Selery-Studios\TheFifthElement\RenderComponent.h(33,34): warning C4244: '=': conversión de 'float' a 'int'; posible pérdida de datos
C:\Users\Dorjee\Documents\GitHub\Selery-Studios\TheFifthElement\RenderComponent.h(34,34): warning C4244: '=': conversión de 'float' a 'int'; posible pérdida de datos
C:\Users\Dorjee\Documents\GitHub\Selery-Studios\TheFifthElement\RenderComponent.h(38,18): warning C4244: '=': conversión de 'float' a 'int'; posible pérdida de datos
C:\Users\Dorjee\Documents\GitHub\Selery-Studios\TheFifthElement\RenderComponent.h(40,24): warning C4244: '=': conversión de 'float' a 'int'; posible pérdida de datos
C:\Users\Dorjee\Documents\GitHub\Selery-Studios\TheFifthElement\RenderComponent.h(41,26): warning C4244: '=': conversión de 'float' a 'int'; posible pérdida de datos
C:\Users\Dorjee\Documents\GitHub\Selery-Studios\TheFifthElement\sdlutils\SDLUtils.h(51,30): warning C4101: 'e': variable local sin referencia
C:\Users\Dorjee\Documents\GitHub\Selery-Studios\TheFifthElement\sdlutils\SDLUtils.h(47,1): message : al compilar la función del miembro clase plantilla "SoundEffect &SDLUtils::map_access_wrapper<SoundEffect>::at(std::string)"
C:\Users\Dorjee\Documents\GitHub\Selery-Studios\TheFifthElement\sdlutils\SDLUtils.h(197,34): message : Vea la referencia a la creación de una instancia de clase plantilla "SDLUtils::map_access_wrapper<SoundEffect>" que se está compilando
  Enemy.cpp
C:\Users\Dorjee\Documents\GitHub\Selery-Studios\TheFifthElement\RenderComponent.h(33,34): warning C4244: '=': conversión de 'float' a 'int'; posible pérdida de datos
C:\Users\Dorjee\Documents\GitHub\Selery-Studios\TheFifthElement\RenderComponent.h(34,34): warning C4244: '=': conversión de 'float' a 'int'; posible pérdida de datos
C:\Users\Dorjee\Documents\GitHub\Selery-Studios\TheFifthElement\RenderComponent.h(38,18): warning C4244: '=': conversión de 'float' a 'int'; posible pérdida de datos
C:\Users\Dorjee\Documents\GitHub\Selery-Studios\TheFifthElement\RenderComponent.h(40,24): warning C4244: '=': conversión de 'float' a 'int'; posible pérdida de datos
C:\Users\Dorjee\Documents\GitHub\Selery-Studios\TheFifthElement\RenderComponent.h(41,26): warning C4244: '=': conversión de 'float' a 'int'; posible pérdida de datos
  GameManager.cpp
C:\Users\Dorjee\Documents\GitHub\Selery-Studios\TheFifthElement\RenderComponent.h(33,34): warning C4244: '=': conversión de 'float' a 'int'; posible pérdida de datos
C:\Users\Dorjee\Documents\GitHub\Selery-Studios\TheFifthElement\RenderComponent.h(34,34): warning C4244: '=': conversión de 'float' a 'int'; posible pérdida de datos
C:\Users\Dorjee\Documents\GitHub\Selery-Studios\TheFifthElement\RenderComponent.h(38,18): warning C4244: '=': conversión de 'float' a 'int'; posible pérdida de datos
C:\Users\Dorjee\Documents\GitHub\Selery-Studios\TheFifthElement\RenderComponent.h(40,24): warning C4244: '=': conversión de 'float' a 'int'; posible pérdida de datos
C:\Users\Dorjee\Documents\GitHub\Selery-Studios\TheFifthElement\RenderComponent.h(41,26): warning C4244: '=': conversión de 'float' a 'int'; posible pérdida de datos
  PlayerTD.cpp
C:\Users\Dorjee\Documents\GitHub\Selery-Studios\TheFifthElement\RenderComponent.h(33,34): warning C4244: '=': conversión de 'float' a 'int'; posible pérdida de datos
C:\Users\Dorjee\Documents\GitHub\Selery-Studios\TheFifthElement\RenderComponent.h(34,34): warning C4244: '=': conversión de 'float' a 'int'; posible pérdida de datos
C:\Users\Dorjee\Documents\GitHub\Selery-Studios\TheFifthElement\RenderComponent.h(38,18): warning C4244: '=': conversión de 'float' a 'int'; posible pérdida de datos
C:\Users\Dorjee\Documents\GitHub\Selery-Studios\TheFifthElement\RenderComponent.h(40,24): warning C4244: '=': conversión de 'float' a 'int'; posible pérdida de datos
C:\Users\Dorjee\Documents\GitHub\Selery-Studios\TheFifthElement\RenderComponent.h(41,26): warning C4244: '=': conversión de 'float' a 'int'; posible pérdida de datos
  TopDownState.cpp
C:\Users\Dorjee\Documents\GitHub\Selery-Studios\TheFifthElement\RenderComponent.h(33,34): warning C4244: '=': conversión de 'float' a 'int'; posible pérdida de datos
C:\Users\Dorjee\Documents\GitHub\Selery-Studios\TheFifthElement\RenderComponent.h(34,34): warning C4244: '=': conversión de 'float' a 'int'; posible pérdida de datos
C:\Users\Dorjee\Documents\GitHub\Selery-Studios\TheFifthElement\RenderComponent.h(38,18): warning C4244: '=': conversión de 'float' a 'int'; posible pérdida de datos
C:\Users\Dorjee\Documents\GitHub\Selery-Studios\TheFifthElement\RenderComponent.h(40,24): warning C4244: '=': conversión de 'float' a 'int'; posible pérdida de datos
C:\Users\Dorjee\Documents\GitHub\Selery-Studios\TheFifthElement\RenderComponent.h(41,26): warning C4244: '=': conversión de 'float' a 'int'; posible pérdida de datos
  Generando código...
  TheFifthElement.vcxproj -> C:\Users\Dorjee\Documents\GitHub\Selery-Studios\TheFifthElement\x64\Debug\TheFifthElement.exe
