c:\users\aliciamoravelasco\documents\github\selery-studios\thefifthelement\x64\debug\vc143.pdb
c:\users\aliciamoravelasco\documents\github\selery-studios\thefifthelement\x64\debug\vc143.idb
c:\users\aliciamoravelasco\documents\github\selery-studios\thefifthelement\x64\debug\throwableobject.obj
c:\users\aliciamoravelasco\documents\github\selery-studios\thefifthelement\x64\debug\stonecomponent.obj
c:\users\aliciamoravelasco\documents\github\selery-studios\thefifthelement\x64\debug\sectorcollisioncomponent.obj
c:\users\aliciamoravelasco\documents\github\selery-studios\thefifthelement\x64\debug\protectionearthbosscomponent.obj
c:\users\aliciamoravelasco\documents\github\selery-studios\thefifthelement\x64\debug\portalcomponent.obj
c:\users\aliciamoravelasco\documents\github\selery-studios\thefifthelement\x64\debug\lifetd.obj
c:\users\aliciamoravelasco\documents\github\selery-studios\thefifthelement\x64\debug\npccollisioncomponent.obj
c:\users\aliciamoravelasco\documents\github\selery-studios\thefifthelement\x64\debug\movementlightbosscomponent.obj
c:\users\aliciamoravelasco\documents\github\selery-studios\thefifthelement\x64\debug\lifelightbosscomponent.obj
c:\users\aliciamoravelasco\documents\github\selery-studios\thefifthelement\x64\debug\lifebasiccomponent.obj
c:\users\aliciamoravelasco\documents\github\selery-studios\thefifthelement\x64\debug\framedimage.obj
c:\users\aliciamoravelasco\documents\github\selery-studios\thefifthelement\x64\debug\damage.obj
c:\users\aliciamoravelasco\documents\github\selery-studios\thefifthelement\x64\debug\disableonexit.obj
c:\users\aliciamoravelasco\documents\github\selery-studios\thefifthelement\x64\debug\attacklightbosscomponent.obj
c:\users\aliciamoravelasco\documents\github\selery-studios\thefifthelement\x64\debug\animationlightbosscomponent.obj
c:\users\aliciamoravelasco\documents\github\selery-studios\thefifthelement\x64\debug\iceshadowcomponent.obj
c:\users\aliciamoravelasco\documents\github\selery-studios\thefifthelement\x64\debug\iceiacomponent.obj
c:\users\aliciamoravelasco\documents\github\selery-studios\thefifthelement\x64\debug\firebosscomponent.obj
c:\users\aliciamoravelasco\documents\github\selery-studios\thefifthelement\x64\debug\powerupcontroler.obj
c:\users\aliciamoravelasco\documents\github\selery-studios\thefifthelement\x64\debug\questinfocomponent.obj
c:\users\aliciamoravelasco\documents\github\selery-studios\thefifthelement\x64\debug\lifeearthbosscomponent.obj
c:\users\aliciamoravelasco\documents\github\selery-studios\thefifthelement\x64\debug\image.obj
c:\users\aliciamoravelasco\documents\github\selery-studios\thefifthelement\x64\debug\dialoguecomponent.obj
c:\users\aliciamoravelasco\documents\github\selery-studios\thefifthelement\x64\debug\attackboxcomponent.obj
c:\users\aliciamoravelasco\documents\github\selery-studios\thefifthelement\x64\debug\coldetectorcomponent.obj
c:\users\aliciamoravelasco\documents\github\selery-studios\thefifthelement\x64\debug\animationenemybeucomponent.obj
c:\users\aliciamoravelasco\documents\github\selery-studios\thefifthelement\x64\debug\button.obj
c:\users\aliciamoravelasco\documents\github\selery-studios\thefifthelement\x64\debug\jumpcomponent.obj
c:\users\aliciamoravelasco\documents\github\selery-studios\thefifthelement\x64\debug\collidertile.obj
c:\users\aliciamoravelasco\documents\github\selery-studios\thefifthelement\x64\debug\animationearthbosscomponent.obj
c:\users\aliciamoravelasco\documents\github\selery-studios\thefifthelement\x64\debug\colmanager.obj
c:\users\aliciamoravelasco\documents\github\selery-studios\thefifthelement\x64\debug\redirectenemy.obj
c:\users\aliciamoravelasco\documents\github\selery-studios\thefifthelement\x64\debug\pointoffightcomponent.obj
c:\users\aliciamoravelasco\documents\github\selery-studios\thefifthelement\x64\debug\slidercomponent.obj
c:\users\aliciamoravelasco\documents\github\selery-studios\thefifthelement\x64\debug\optionsstate.obj
c:\users\aliciamoravelasco\documents\github\selery-studios\thefifthelement\x64\debug\skinbeucomponent.obj
c:\users\aliciamoravelasco\documents\github\selery-studios\thefifthelement\x64\debug\economycomponent.obj
c:\users\aliciamoravelasco\documents\github\selery-studios\thefifthelement\x64\debug\attackearthbosscomponent.obj
c:\users\aliciamoravelasco\documents\github\selery-studios\thefifthelement\x64\debug\pausestate.obj
c:\users\aliciamoravelasco\documents\github\selery-studios\thefifthelement\x64\debug\elements.obj
c:\users\aliciamoravelasco\documents\github\selery-studios\thefifthelement\x64\debug\mainmenustate.obj
c:\users\aliciamoravelasco\documents\github\selery-studios\thefifthelement\x64\debug\gamestatemachine.obj
c:\users\aliciamoravelasco\documents\github\selery-studios\thefifthelement\x64\debug\gamestate.obj
c:\users\aliciamoravelasco\documents\github\selery-studios\thefifthelement\x64\debug\skincomponent.obj
c:\users\aliciamoravelasco\documents\github\selery-studios\thefifthelement\x64\debug\objectscomponent.obj
c:\users\aliciamoravelasco\documents\github\selery-studios\thefifthelement\x64\debug\movementcomponent.obj
c:\users\aliciamoravelasco\documents\github\selery-studios\thefifthelement\x64\debug\lifecomponent.obj
c:\users\aliciamoravelasco\documents\github\selery-studios\thefifthelement\x64\debug\inputcomponentbeu.obj
c:\users\aliciamoravelasco\documents\github\selery-studios\thefifthelement\x64\debug\inputcomponent.obj
c:\users\aliciamoravelasco\documents\github\selery-studios\thefifthelement\x64\debug\gamemanager.obj
c:\users\aliciamoravelasco\documents\github\selery-studios\thefifthelement\x64\debug\enemybeudirectioncomponent.obj
c:\users\aliciamoravelasco\documents\github\selery-studios\thefifthelement\x64\debug\enemy_movementtd_component.obj
c:\users\aliciamoravelasco\documents\github\selery-studios\thefifthelement\x64\debug\collision.obj
c:\users\aliciamoravelasco\documents\github\selery-studios\thefifthelement\x64\debug\checkcollision.obj
c:\users\aliciamoravelasco\documents\github\selery-studios\thefifthelement\x64\debug\beatemupstate.obj
c:\users\aliciamoravelasco\documents\github\selery-studios\thefifthelement\x64\debug\game.obj
c:\users\aliciamoravelasco\documents\github\selery-studios\thefifthelement\x64\debug\shopcomponent.obj
c:\users\aliciamoravelasco\documents\github\selery-studios\thefifthelement\x64\debug\shadowcomponent.obj
c:\users\aliciamoravelasco\documents\github\selery-studios\thefifthelement\x64\debug\movementearthbosscomponent.obj
c:\users\aliciamoravelasco\documents\github\selery-studios\thefifthelement\x64\debug\limitbeu.obj
c:\users\aliciamoravelasco\documents\github\selery-studios\thefifthelement\x64\debug\waterbosslife.obj
c:\users\aliciamoravelasco\documents\github\selery-studios\thefifthelement\x64\debug\waterbossia.obj
c:\users\aliciamoravelasco\documents\github\selery-studios\thefifthelement\x64\debug\vector2d.obj
c:\users\aliciamoravelasco\documents\github\selery-studios\thefifthelement\x64\debug\manager.obj
c:\users\aliciamoravelasco\documents\github\selery-studios\thefifthelement\x64\debug\entity.obj
c:\users\aliciamoravelasco\documents\github\selery-studios\thefifthelement\x64\debug\component.obj
c:\users\aliciamoravelasco\documents\github\selery-studios\thefifthelement\x64\debug\thefifthelement.obj
c:\users\aliciamoravelasco\documents\github\selery-studios\thefifthelement\x64\debug\texture.obj
c:\users\aliciamoravelasco\documents\github\selery-studios\thefifthelement\x64\debug\soundeffect.obj
c:\users\aliciamoravelasco\documents\github\selery-studios\thefifthelement\x64\debug\sdlutils.obj
c:\users\aliciamoravelasco\documents\github\selery-studios\thefifthelement\x64\debug\jsonvalue.obj
c:\users\aliciamoravelasco\documents\github\selery-studios\thefifthelement\x64\debug\json.obj
c:\users\aliciamoravelasco\documents\github\selery-studios\thefifthelement\x64\debug\topdownstate.obj
c:\users\aliciamoravelasco\documents\github\selery-studios\thefifthelement\x64\debug\thefifthelement.res
c:\users\aliciamoravelasco\documents\github\selery-studios\thefifthelement\x64\debug\thefifthelement.exp
c:\users\aliciamoravelasco\documents\github\selery-studios\thefifthelement\x64\debug\thefifthelement.pdb
c:\users\aliciamoravelasco\documents\github\selery-studios\thefifthelement\x64\debug\thefifthelement.tlog\cl.command.1.tlog
c:\users\aliciamoravelasco\documents\github\selery-studios\thefifthelement\x64\debug\thefifthelement.tlog\cl.read.1.tlog
c:\users\aliciamoravelasco\documents\github\selery-studios\thefifthelement\x64\debug\thefifthelement.tlog\cl.write.1.tlog
c:\users\aliciamoravelasco\documents\github\selery-studios\thefifthelement\x64\debug\thefifthelement.tlog\link-cvtres.read.1.tlog
c:\users\aliciamoravelasco\documents\github\selery-studios\thefifthelement\x64\debug\thefifthelement.tlog\link-cvtres.write.1.tlog
c:\users\aliciamoravelasco\documents\github\selery-studios\thefifthelement\x64\debug\thefifthelement.tlog\link-rc.read.1.tlog
c:\users\aliciamoravelasco\documents\github\selery-studios\thefifthelement\x64\debug\thefifthelement.tlog\link-rc.write.1.tlog
c:\users\aliciamoravelasco\documents\github\selery-studios\thefifthelement\x64\debug\thefifthelement.tlog\link.command.1.tlog
c:\users\aliciamoravelasco\documents\github\selery-studios\thefifthelement\x64\debug\thefifthelement.tlog\link.read.1.tlog
c:\users\aliciamoravelasco\documents\github\selery-studios\thefifthelement\x64\debug\thefifthelement.tlog\link.read.2.tlog
c:\users\aliciamoravelasco\documents\github\selery-studios\thefifthelement\x64\debug\thefifthelement.tlog\link.write.1.tlog
c:\users\aliciamoravelasco\documents\github\selery-studios\thefifthelement\x64\debug\thefifthelement.tlog\rc.command.1.tlog
c:\users\aliciamoravelasco\documents\github\selery-studios\thefifthelement\x64\debug\thefifthelement.tlog\rc.read.1.tlog
c:\users\aliciamoravelasco\documents\github\selery-studios\thefifthelement\x64\debug\thefifthelement.tlog\rc.write.1.tlog
