  AnimationEarthBossComponent.cpp
  LifeEarthBossComponent.cpp
E:\Selery-Studios\TheFifthElement\LifeEarthBossComponent.cpp(11,17): warning C4244: '-=': conversión de 'float' a 'int'; posible pérdida de datos
  MovementEarthBossComponent.cpp
  ColManager.cpp
E:\Selery-Studios\TheFifthElement\src\components\ColliderComponent.h(30,24): warning C4244: '=': conversión de 'float' a 'int'; posible pérdida de datos
E:\Selery-Studios\TheFifthElement\src\components\ColliderComponent.h(31,24): warning C4244: '=': conversión de 'float' a 'int'; posible pérdida de datos
E:\Selery-Studios\TheFifthElement\src\components\ColliderComponent.h(32,15): warning C4244: '=': conversión de 'float' a 'int'; posible pérdida de datos
E:\Selery-Studios\TheFifthElement\src\components\ColliderComponent.h(33,15): warning C4244: '=': conversión de 'float' a 'int'; posible pérdida de datos
E:\Selery-Studios\TheFifthElement\src\components\ColliderComponent.h(49,24): warning C4244: '=': conversión de 'float' a 'int'; posible pérdida de datos
E:\Selery-Studios\TheFifthElement\src\components\ColliderComponent.h(50,24): warning C4244: '=': conversión de 'float' a 'int'; posible pérdida de datos
E:\Selery-Studios\TheFifthElement\src\components\ColliderComponent.h(51,15): warning C4244: '=': conversión de 'float' a 'int'; posible pérdida de datos
E:\Selery-Studios\TheFifthElement\src\components\ColliderComponent.h(52,15): warning C4244: '=': conversión de 'float' a 'int'; posible pérdida de datos
E:\Selery-Studios\TheFifthElement\src\components\ColliderComponent.h(65,33): warning C4244: 'return': conversión de 'float' a 'int'; posible pérdida de datos
E:\Selery-Studios\TheFifthElement\src\components\ColliderComponent.h(66,32): warning C4244: 'return': conversión de 'float' a 'int'; posible pérdida de datos
E:\Selery-Studios\TheFifthElement\src\components\AnimationEnemyBEUComponent.h(77,29): warning C4244: 'return': conversión de 'float' a 'int'; posible pérdida de datos
E:\Selery-Studios\TheFifthElement\src\components\AnimationEnemyBEUComponent.h(78,30): warning C4244: 'return': conversión de 'float' a 'int'; posible pérdida de datos
E:\Selery-Studios\TheFifthElement\src\ColManager.cpp(11,57): warning C4244: 'argumento': conversión de 'int' a 'float'; posible pérdida de datos
E:\Selery-Studios\TheFifthElement\src\ColManager.cpp(11,45): warning C4244: 'argumento': conversión de 'int' a 'float'; posible pérdida de datos
E:\Selery-Studios\TheFifthElement\src\ColManager.cpp(11,133): warning C4244: 'argumento': conversión de 'int' a 'float'; posible pérdida de datos
E:\Selery-Studios\TheFifthElement\src\ColManager.cpp(11,112): warning C4244: 'argumento': conversión de 'int' a 'float'; posible pérdida de datos
E:\Selery-Studios\TheFifthElement\src\ColManager.cpp(11,176): warning C4244: 'argumento': conversión de 'int' a 'float'; posible pérdida de datos
E:\Selery-Studios\TheFifthElement\src\ColManager.cpp(11,155): warning C4244: 'argumento': conversión de 'int' a 'float'; posible pérdida de datos
E:\Selery-Studios\TheFifthElement\src\ColManager.cpp(11,83): warning C4244: 'argumento': conversión de 'int' a 'float'; posible pérdida de datos
E:\Selery-Studios\TheFifthElement\src\ColManager.cpp(11,71): warning C4244: 'argumento': conversión de 'int' a 'float'; posible pérdida de datos
E:\Selery-Studios\TheFifthElement\src\ColManager.cpp(34,59): warning C4244: 'argumento': conversión de 'int' a 'float'; posible pérdida de datos
E:\Selery-Studios\TheFifthElement\src\ColManager.cpp(34,46): warning C4244: 'argumento': conversión de 'int' a 'float'; posible pérdida de datos
E:\Selery-Studios\TheFifthElement\src\ColManager.cpp(34,137): warning C4244: 'argumento': conversión de 'int' a 'float'; posible pérdida de datos
E:\Selery-Studios\TheFifthElement\src\ColManager.cpp(34,116): warning C4244: 'argumento': conversión de 'int' a 'float'; posible pérdida de datos
E:\Selery-Studios\TheFifthElement\src\ColManager.cpp(34,180): warning C4244: 'argumento': conversión de 'int' a 'float'; posible pérdida de datos
E:\Selery-Studios\TheFifthElement\src\ColManager.cpp(34,159): warning C4244: 'argumento': conversión de 'int' a 'float'; posible pérdida de datos
E:\Selery-Studios\TheFifthElement\src\ColManager.cpp(34,86): warning C4244: 'argumento': conversión de 'int' a 'float'; posible pérdida de datos
E:\Selery-Studios\TheFifthElement\src\ColManager.cpp(34,73): warning C4244: 'argumento': conversión de 'int' a 'float'; posible pérdida de datos
  ColliderTile.cpp
E:\Selery-Studios\TheFifthElement\src\utils\Entity.h(34,27): warning C4244: 'argumento': conversión de '_Ty' a 'float'; posible pérdida de datos
          with
          [
              _Ty=int
          ]
E:\Selery-Studios\TheFifthElement\src\components\ColliderTile.h(28,1): message : Vea la referencia a la creación de una instancia de la función plantilla "T *Entity::addComponent<Transform,Vector2D&,float&,float&,int,int,int,bool>(cmpId_type,Vector2D &,float &,float &,int &&,int &&,int &&,bool &&)" que se está compilando
          with
          [
              T=Transform
          ]
  JumpComponent.cpp
  Button.cpp
E:\Selery-Studios\TheFifthElement\src\components\Button.cpp(9,50): warning C4244: 'argumento': conversión de 'int' a 'float'; posible pérdida de datos
E:\Selery-Studios\TheFifthElement\src\components\Button.cpp(9,38): warning C4244: 'argumento': conversión de 'int' a 'float'; posible pérdida de datos
E:\Selery-Studios\TheFifthElement\src\components\Button.cpp(10,135): warning C4244: 'argumento': conversión de 'int' a 'float'; posible pérdida de datos
E:\Selery-Studios\TheFifthElement\src\components\Button.cpp(10,122): warning C4244: 'argumento': conversión de 'int' a 'float'; posible pérdida de datos
E:\Selery-Studios\TheFifthElement\src\components\Button.cpp(29,63): warning C4244: 'argumento': conversión de 'int' a 'float'; posible pérdida de datos
E:\Selery-Studios\TheFifthElement\src\components\Button.cpp(29,32): warning C4244: 'argumento': conversión de 'int' a 'float'; posible pérdida de datos
E:\Selery-Studios\TheFifthElement\src\sdlutils\SDLUtils.h(52,30): warning C4101: 'e': variable local sin referencia
E:\Selery-Studios\TheFifthElement\src\sdlutils\SDLUtils.h(48,1): message : al compilar la función del miembro clase plantilla "SoundEffect &SDLUtils::map_access_wrapper<SoundEffect>::at(std::string)"
E:\Selery-Studios\TheFifthElement\src\sdlutils\SDLUtils.h(207,34): message : Vea la referencia a la creación de una instancia de clase plantilla "SDLUtils::map_access_wrapper<SoundEffect>" que se está compilando
  AnimationEnemyBEUComponent.cpp
E:\Selery-Studios\TheFifthElement\src\components\ColliderComponent.h(30,24): warning C4244: '=': conversión de 'float' a 'int'; posible pérdida de datos
E:\Selery-Studios\TheFifthElement\src\components\ColliderComponent.h(31,24): warning C4244: '=': conversión de 'float' a 'int'; posible pérdida de datos
E:\Selery-Studios\TheFifthElement\src\components\ColliderComponent.h(32,15): warning C4244: '=': conversión de 'float' a 'int'; posible pérdida de datos
E:\Selery-Studios\TheFifthElement\src\components\ColliderComponent.h(33,15): warning C4244: '=': conversión de 'float' a 'int'; posible pérdida de datos
E:\Selery-Studios\TheFifthElement\src\components\ColliderComponent.h(49,24): warning C4244: '=': conversión de 'float' a 'int'; posible pérdida de datos
E:\Selery-Studios\TheFifthElement\src\components\ColliderComponent.h(50,24): warning C4244: '=': conversión de 'float' a 'int'; posible pérdida de datos
E:\Selery-Studios\TheFifthElement\src\components\ColliderComponent.h(51,15): warning C4244: '=': conversión de 'float' a 'int'; posible pérdida de datos
E:\Selery-Studios\TheFifthElement\src\components\ColliderComponent.h(52,15): warning C4244: '=': conversión de 'float' a 'int'; posible pérdida de datos
E:\Selery-Studios\TheFifthElement\src\components\ColliderComponent.h(65,33): warning C4244: 'return': conversión de 'float' a 'int'; posible pérdida de datos
E:\Selery-Studios\TheFifthElement\src\components\ColliderComponent.h(66,32): warning C4244: 'return': conversión de 'float' a 'int'; posible pérdida de datos
E:\Selery-Studios\TheFifthElement\src\components\AnimationEnemyBEUComponent.h(77,29): warning C4244: 'return': conversión de 'float' a 'int'; posible pérdida de datos
E:\Selery-Studios\TheFifthElement\src\components\AnimationEnemyBEUComponent.h(78,30): warning C4244: 'return': conversión de 'float' a 'int'; posible pérdida de datos
E:\Selery-Studios\TheFifthElement\src\sdlutils\SDLUtils.h(52,30): warning C4101: 'e': variable local sin referencia
E:\Selery-Studios\TheFifthElement\src\sdlutils\SDLUtils.h(48,1): message : al compilar la función del miembro clase plantilla "Texture &SDLUtils::map_access_wrapper<Texture>::at(std::string)"
E:\Selery-Studios\TheFifthElement\src\sdlutils\SDLUtils.h(205,30): message : Vea la referencia a la creación de una instancia de clase plantilla "SDLUtils::map_access_wrapper<Texture>" que se está compilando
E:\Selery-Studios\TheFifthElement\src\components\AnimationEnemyBEUComponent.cpp(261,35): warning C4244: '=': conversión de 'double' a 'float'; posible pérdida de datos
  ColDetectorComponent.cpp
E:\Selery-Studios\TheFifthElement\src\components\ColliderComponent.h(30,24): warning C4244: '=': conversión de 'float' a 'int'; posible pérdida de datos
E:\Selery-Studios\TheFifthElement\src\components\ColliderComponent.h(31,24): warning C4244: '=': conversión de 'float' a 'int'; posible pérdida de datos
E:\Selery-Studios\TheFifthElement\src\components\ColliderComponent.h(32,15): warning C4244: '=': conversión de 'float' a 'int'; posible pérdida de datos
E:\Selery-Studios\TheFifthElement\src\components\ColliderComponent.h(33,15): warning C4244: '=': conversión de 'float' a 'int'; posible pérdida de datos
E:\Selery-Studios\TheFifthElement\src\components\ColliderComponent.h(49,24): warning C4244: '=': conversión de 'float' a 'int'; posible pérdida de datos
E:\Selery-Studios\TheFifthElement\src\components\ColliderComponent.h(50,24): warning C4244: '=': conversión de 'float' a 'int'; posible pérdida de datos
E:\Selery-Studios\TheFifthElement\src\components\ColliderComponent.h(51,15): warning C4244: '=': conversión de 'float' a 'int'; posible pérdida de datos
E:\Selery-Studios\TheFifthElement\src\components\ColliderComponent.h(52,15): warning C4244: '=': conversión de 'float' a 'int'; posible pérdida de datos
E:\Selery-Studios\TheFifthElement\src\components\ColliderComponent.h(65,33): warning C4244: 'return': conversión de 'float' a 'int'; posible pérdida de datos
E:\Selery-Studios\TheFifthElement\src\components\ColliderComponent.h(66,32): warning C4244: 'return': conversión de 'float' a 'int'; posible pérdida de datos
E:\Selery-Studios\TheFifthElement\src\components\AnimationEnemyBEUComponent.h(77,29): warning C4244: 'return': conversión de 'float' a 'int'; posible pérdida de datos
E:\Selery-Studios\TheFifthElement\src\components\AnimationEnemyBEUComponent.h(78,30): warning C4244: 'return': conversión de 'float' a 'int'; posible pérdida de datos
E:\Selery-Studios\TheFifthElement\src\components\ColDetectorComponent.h(61,40): warning C4244: 'argumento': conversión de 'int' a 'float'; posible pérdida de datos
E:\Selery-Studios\TheFifthElement\src\components\ColDetectorComponent.h(60,69): warning C4244: 'argumento': conversión de 'int' a 'float'; posible pérdida de datos
E:\Selery-Studios\TheFifthElement\src\components\ColDetectorComponent.h(62,72): warning C4244: 'argumento': conversión de 'int' a 'float'; posible pérdida de datos
E:\Selery-Studios\TheFifthElement\src\components\ColDetectorComponent.h(62,49): warning C4244: 'argumento': conversión de 'int' a 'float'; posible pérdida de datos
E:\Selery-Studios\TheFifthElement\src\components\ColDetectorComponent.h(63,63): warning C4244: 'argumento': conversión de 'int' a 'float'; posible pérdida de datos
E:\Selery-Studios\TheFifthElement\src\components\ColDetectorComponent.h(63,40): warning C4244: 'argumento': conversión de 'int' a 'float'; posible pérdida de datos
E:\Selery-Studios\TheFifthElement\src\components\ColDetectorComponent.h(61,87): warning C4244: 'argumento': conversión de 'int' a 'float'; posible pérdida de datos
E:\Selery-Studios\TheFifthElement\src\components\ColDetectorComponent.h(61,64): warning C4244: 'argumento': conversión de 'int' a 'float'; posible pérdida de datos
E:\Selery-Studios\TheFifthElement\src\components\ColDetectorComponent.h(67,36): warning C4244: 'argumento': conversión de 'int' a 'float'; posible pérdida de datos
E:\Selery-Studios\TheFifthElement\src\components\ColDetectorComponent.h(66,70): warning C4244: 'argumento': conversión de 'int' a 'float'; posible pérdida de datos
E:\Selery-Studios\TheFifthElement\src\components\ColDetectorComponent.h(68,40): warning C4244: 'argumento': conversión de 'int' a 'float'; posible pérdida de datos
E:\Selery-Studios\TheFifthElement\src\components\ColDetectorComponent.h(68,31): warning C4244: 'argumento': conversión de 'int' a 'float'; posible pérdida de datos
E:\Selery-Studios\TheFifthElement\src\components\ColDetectorComponent.h(68,59): warning C4244: 'argumento': conversión de 'int' a 'float'; posible pérdida de datos
E:\Selery-Studios\TheFifthElement\src\components\ColDetectorComponent.h(68,50): warning C4244: 'argumento': conversión de 'int' a 'float'; posible pérdida de datos
E:\Selery-Studios\TheFifthElement\src\components\ColDetectorComponent.h(67,83): warning C4244: 'argumento': conversión de 'int' a 'float'; posible pérdida de datos
E:\Selery-Studios\TheFifthElement\src\components\ColDetectorComponent.h(67,60): warning C4244: 'argumento': conversión de 'int' a 'float'; posible pérdida de datos
E:\Selery-Studios\TheFifthElement\src\components\ColDetectorComponent.h(89,19): warning C4244: 'inicializando': conversión de 'int' a 'float'; posible pérdida de datos
E:\Selery-Studios\TheFifthElement\src\components\ColDetectorComponent.h(94,34): warning C4244: '=': conversión de 'int' a 'float'; posible pérdida de datos
  AttackBoxComponent.cpp
E:\Selery-Studios\TheFifthElement\src\components\ColliderComponent.h(30,24): warning C4244: '=': conversión de 'float' a 'int'; posible pérdida de datos
E:\Selery-Studios\TheFifthElement\src\components\ColliderComponent.h(31,24): warning C4244: '=': conversión de 'float' a 'int'; posible pérdida de datos
E:\Selery-Studios\TheFifthElement\src\components\ColliderComponent.h(32,15): warning C4244: '=': conversión de 'float' a 'int'; posible pérdida de datos
E:\Selery-Studios\TheFifthElement\src\components\ColliderComponent.h(33,15): warning C4244: '=': conversión de 'float' a 'int'; posible pérdida de datos
E:\Selery-Studios\TheFifthElement\src\components\ColliderComponent.h(49,24): warning C4244: '=': conversión de 'float' a 'int'; posible pérdida de datos
E:\Selery-Studios\TheFifthElement\src\components\ColliderComponent.h(50,24): warning C4244: '=': conversión de 'float' a 'int'; posible pérdida de datos
E:\Selery-Studios\TheFifthElement\src\components\ColliderComponent.h(51,15): warning C4244: '=': conversión de 'float' a 'int'; posible pérdida de datos
E:\Selery-Studios\TheFifthElement\src\components\ColliderComponent.h(52,15): warning C4244: '=': conversión de 'float' a 'int'; posible pérdida de datos
E:\Selery-Studios\TheFifthElement\src\components\ColliderComponent.h(65,33): warning C4244: 'return': conversión de 'float' a 'int'; posible pérdida de datos
E:\Selery-Studios\TheFifthElement\src\components\ColliderComponent.h(66,32): warning C4244: 'return': conversión de 'float' a 'int'; posible pérdida de datos
E:\Selery-Studios\TheFifthElement\src\components\AnimationEnemyBEUComponent.h(77,29): warning C4244: 'return': conversión de 'float' a 'int'; posible pérdida de datos
E:\Selery-Studios\TheFifthElement\src\components\AnimationEnemyBEUComponent.h(78,30): warning C4244: 'return': conversión de 'float' a 'int'; posible pérdida de datos
E:\Selery-Studios\TheFifthElement\src\components\ColDetectorComponent.h(61,40): warning C4244: 'argumento': conversión de 'int' a 'float'; posible pérdida de datos
E:\Selery-Studios\TheFifthElement\src\components\ColDetectorComponent.h(60,69): warning C4244: 'argumento': conversión de 'int' a 'float'; posible pérdida de datos
E:\Selery-Studios\TheFifthElement\src\components\ColDetectorComponent.h(62,72): warning C4244: 'argumento': conversión de 'int' a 'float'; posible pérdida de datos
E:\Selery-Studios\TheFifthElement\src\components\ColDetectorComponent.h(62,49): warning C4244: 'argumento': conversión de 'int' a 'float'; posible pérdida de datos
E:\Selery-Studios\TheFifthElement\src\components\ColDetectorComponent.h(63,63): warning C4244: 'argumento': conversión de 'int' a 'float'; posible pérdida de datos
E:\Selery-Studios\TheFifthElement\src\components\ColDetectorComponent.h(63,40): warning C4244: 'argumento': conversión de 'int' a 'float'; posible pérdida de datos
E:\Selery-Studios\TheFifthElement\src\components\ColDetectorComponent.h(61,87): warning C4244: 'argumento': conversión de 'int' a 'float'; posible pérdida de datos
E:\Selery-Studios\TheFifthElement\src\components\ColDetectorComponent.h(61,64): warning C4244: 'argumento': conversión de 'int' a 'float'; posible pérdida de datos
E:\Selery-Studios\TheFifthElement\src\components\ColDetectorComponent.h(67,36): warning C4244: 'argumento': conversión de 'int' a 'float'; posible pérdida de datos
E:\Selery-Studios\TheFifthElement\src\components\ColDetectorComponent.h(66,70): warning C4244: 'argumento': conversión de 'int' a 'float'; posible pérdida de datos
E:\Selery-Studios\TheFifthElement\src\components\ColDetectorComponent.h(68,40): warning C4244: 'argumento': conversión de 'int' a 'float'; posible pérdida de datos
E:\Selery-Studios\TheFifthElement\src\components\ColDetectorComponent.h(68,31): warning C4244: 'argumento': conversión de 'int' a 'float'; posible pérdida de datos
E:\Selery-Studios\TheFifthElement\src\components\ColDetectorComponent.h(68,59): warning C4244: 'argumento': conversión de 'int' a 'float'; posible pérdida de datos
E:\Selery-Studios\TheFifthElement\src\components\ColDetectorComponent.h(68,50): warning C4244: 'argumento': conversión de 'int' a 'float'; posible pérdida de datos
E:\Selery-Studios\TheFifthElement\src\components\ColDetectorComponent.h(67,83): warning C4244: 'argumento': conversión de 'int' a 'float'; posible pérdida de datos
E:\Selery-Studios\TheFifthElement\src\components\ColDetectorComponent.h(67,60): warning C4244: 'argumento': conversión de 'int' a 'float'; posible pérdida de datos
E:\Selery-Studios\TheFifthElement\src\components\ColDetectorComponent.h(89,19): warning C4244: 'inicializando': conversión de 'int' a 'float'; posible pérdida de datos
E:\Selery-Studios\TheFifthElement\src\components\ColDetectorComponent.h(94,34): warning C4244: '=': conversión de 'int' a 'float'; posible pérdida de datos
E:\Selery-Studios\TheFifthElement\src\components\AttackBoxComponent.cpp(42,34): warning C4244: '=': conversión de 'double' a 'float'; posible pérdida de datos
E:\Selery-Studios\TheFifthElement\src\components\AttackBoxComponent.cpp(78,25): warning C4305: '=': truncamiento de 'double' a 'float'
E:\Selery-Studios\TheFifthElement\src\components\AttackBoxComponent.cpp(86,200): warning C4244: 'argumento': conversión de 'float' a 'int'; posible pérdida de datos
E:\Selery-Studios\TheFifthElement\src\components\AttackBoxComponent.cpp(86,203): warning C4305: 'argumento': truncamiento de 'double' a 'float'
E:\Selery-Studios\TheFifthElement\src\components\AttackBoxComponent.cpp(86,31): warning C4244: 'argumento': conversión de 'int' a 'float'; posible pérdida de datos
E:\Selery-Studios\TheFifthElement\src\components\AttackBoxComponent.cpp(94,30): warning C4244: '=': conversión de 'double' a 'float'; posible pérdida de datos
E:\Selery-Studios\TheFifthElement\src\components\AttackBoxComponent.cpp(128,25): warning C4305: '=': truncamiento de 'double' a 'float'
E:\Selery-Studios\TheFifthElement\src\components\AttackBoxComponent.cpp(135,199): warning C4244: 'argumento': conversión de 'float' a 'int'; posible pérdida de datos
E:\Selery-Studios\TheFifthElement\src\components\AttackBoxComponent.cpp(135,202): warning C4305: 'argumento': truncamiento de 'double' a 'float'
E:\Selery-Studios\TheFifthElement\src\components\AttackBoxComponent.cpp(140,194): warning C4244: 'argumento': conversión de 'float' a 'int'; posible pérdida de datos
E:\Selery-Studios\TheFifthElement\src\components\AttackBoxComponent.cpp(140,197): warning C4305: 'argumento': truncamiento de 'double' a 'float'
E:\Selery-Studios\TheFifthElement\src\components\AttackBoxComponent.cpp(147,30): warning C4244: '=': conversión de 'double' a 'float'; posible pérdida de datos
E:\Selery-Studios\TheFifthElement\src\components\AttackBoxComponent.cpp(180,30): warning C4244: '=': conversión de 'double' a 'float'; posible pérdida de datos
E:\Selery-Studios\TheFifthElement\src\components\AttackBoxComponent.cpp(220,25): warning C4305: '=': truncamiento de 'double' a 'float'
E:\Selery-Studios\TheFifthElement\src\components\AttackBoxComponent.cpp(229,200): warning C4244: 'argumento': conversión de 'float' a 'int'; posible pérdida de datos
E:\Selery-Studios\TheFifthElement\src\components\AttackBoxComponent.cpp(229,203): warning C4305: 'argumento': truncamiento de 'double' a 'float'
E:\Selery-Studios\TheFifthElement\src\components\AttackBoxComponent.cpp(229,32): warning C4244: 'argumento': conversión de 'int' a 'float'; posible pérdida de datos
E:\Selery-Studios\TheFifthElement\src\components\AttackBoxComponent.cpp(233,204): warning C4244: 'argumento': conversión de 'float' a 'int'; posible pérdida de datos
E:\Selery-Studios\TheFifthElement\src\components\AttackBoxComponent.cpp(233,207): warning C4305: 'argumento': truncamiento de 'double' a 'float'
E:\Selery-Studios\TheFifthElement\src\components\AttackBoxComponent.cpp(233,32): warning C4244: 'argumento': conversión de 'int' a 'float'; posible pérdida de datos
E:\Selery-Studios\TheFifthElement\src\components\AttackBoxComponent.cpp(244,30): warning C4244: '=': conversión de 'double' a 'float'; posible pérdida de datos
E:\Selery-Studios\TheFifthElement\src\components\AttackBoxComponent.cpp(256,29): warning C4244: '=': conversión de 'double' a 'float'; posible pérdida de datos
E:\Selery-Studios\TheFifthElement\src\components\AttackBoxComponent.cpp(266,28): warning C4244: '+=': conversión de 'float' a 'int'; posible pérdida de datos
E:\Selery-Studios\TheFifthElement\src\components\AttackBoxComponent.cpp(267,28): warning C4244: '+=': conversión de 'float' a 'int'; posible pérdida de datos
E:\Selery-Studios\TheFifthElement\src\components\AttackBoxComponent.cpp(284,27): warning C4244: '=': conversión de 'float' a 'int'; posible pérdida de datos
E:\Selery-Studios\TheFifthElement\src\components\AttackBoxComponent.cpp(285,27): warning C4244: '=': conversión de 'float' a 'int'; posible pérdida de datos
E:\Selery-Studios\TheFifthElement\src\components\AttackBoxComponent.cpp(287,56): warning C4244: '=': conversión de 'float' a 'int'; posible pérdida de datos
E:\Selery-Studios\TheFifthElement\src\components\AttackBoxComponent.cpp(288,56): warning C4244: '=': conversión de 'float' a 'int'; posible pérdida de datos
  DialogueComponent.cpp
E:\Selery-Studios\TheFifthElement\src\components\DialogueComponent.h(11,10): warning C4067: símbolos (token) inesperados después de la directiva del preprocesador; se esperaba una nueva línea
E:\Selery-Studios\TheFifthElement\src\sdlutils\SDLUtils.h(52,30): warning C4101: 'e': variable local sin referencia
E:\Selery-Studios\TheFifthElement\src\sdlutils\SDLUtils.h(48,1): message : al compilar la función del miembro clase plantilla "Font &SDLUtils::map_access_wrapper<Font>::at(std::string)"
E:\Selery-Studios\TheFifthElement\src\sdlutils\SDLUtils.h(204,27): message : Vea la referencia a la creación de una instancia de clase plantilla "SDLUtils::map_access_wrapper<Font>" que se está compilando
E:\Selery-Studios\TheFifthElement\src\components\DialogueComponent.cpp(24,29): warning C4267: '=': conversión de 'size_t' a 'int'; posible pérdida de datos
E:\Selery-Studios\TheFifthElement\src\components\DialogueComponent.cpp(45,32): warning C4267: '=': conversión de 'size_t' a 'int'; posible pérdida de datos
  Image.cpp
E:\Selery-Studios\TheFifthElement\src\components\Image.cpp(54,33): warning C4244: '=': conversión de 'float' a 'int'; posible pérdida de datos
E:\Selery-Studios\TheFifthElement\src\components\Image.cpp(55,33): warning C4244: '=': conversión de 'float' a 'int'; posible pérdida de datos
E:\Selery-Studios\TheFifthElement\src\components\Image.cpp(56,24): warning C4244: '=': conversión de 'float' a 'int'; posible pérdida de datos
E:\Selery-Studios\TheFifthElement\src\components\Image.cpp(57,24): warning C4244: '=': conversión de 'float' a 'int'; posible pérdida de datos
E:\Selery-Studios\TheFifthElement\src\sdlutils\SDLUtils.h(52,30): warning C4101: 'e': variable local sin referencia
E:\Selery-Studios\TheFifthElement\src\sdlutils\SDLUtils.h(48,1): message : al compilar la función del miembro clase plantilla "Texture &SDLUtils::map_access_wrapper<Texture>::at(std::string)"
E:\Selery-Studios\TheFifthElement\src\sdlutils\SDLUtils.h(205,30): message : Vea la referencia a la creación de una instancia de clase plantilla "SDLUtils::map_access_wrapper<Texture>" que se está compilando
E:\Selery-Studios\TheFifthElement\src\components\Image.cpp(106,13): warning C4244: 'argumento': conversión de 'int' a 'float'; posible pérdida de datos
  LimitBEU.cpp
E:\Selery-Studios\TheFifthElement\src\components\LimitBEU.cpp(10,33): warning C4244: '=': conversión de 'int' a 'float'; posible pérdida de datos
  ShopComponent.cpp
E:\Selery-Studios\TheFifthElement\src\sdlutils\SDLUtils.h(52,30): warning C4101: 'e': variable local sin referencia
E:\Selery-Studios\TheFifthElement\src\sdlutils\SDLUtils.h(48,1): message : al compilar la función del miembro clase plantilla "Texture &SDLUtils::map_access_wrapper<Texture>::at(std::string)"
E:\Selery-Studios\TheFifthElement\src\sdlutils\SDLUtils.h(205,30): message : Vea la referencia a la creación de una instancia de clase plantilla "SDLUtils::map_access_wrapper<Texture>" que se está compilando
E:\Selery-Studios\TheFifthElement\src\utils\Entity.h(34,27): warning C4244: 'argumento': conversión de '_Ty' a 'float'; posible pérdida de datos
          with
          [
              _Ty=int
          ]
E:\Selery-Studios\TheFifthElement\src\components\ShopComponent.cpp(8,136): message : Vea la referencia a la creación de una instancia de la función plantilla "T *Entity::addComponent<Transform,Vector2D&,uint,uint,int>(cmpId_type,Vector2D &,uint &&,uint &&,int &&)" que se está compilando
          with
          [
              T=Transform
          ]
E:\Selery-Studios\TheFifthElement\src\utils\Entity.h(34,27): warning C4244: 'argumento': conversión de '_Ty' a 'float'; posible pérdida de datos
          with
          [
              _Ty=uint
          ]
  LifeBar.cpp
  Game.cpp
E:\Selery-Studios\TheFifthElement\src\components\DialogueComponent.h(11,10): warning C4067: símbolos (token) inesperados después de la directiva del preprocesador; se esperaba una nueva línea
E:\Selery-Studios\TheFifthElement\src\sdlutils\SDLUtils.h(52,30): warning C4101: 'e': variable local sin referencia
E:\Selery-Studios\TheFifthElement\src\sdlutils\SDLUtils.h(48,1): message : al compilar la función del miembro clase plantilla "Texture &SDLUtils::map_access_wrapper<Texture>::at(std::string)"
E:\Selery-Studios\TheFifthElement\src\sdlutils\SDLUtils.h(205,30): message : Vea la referencia a la creación de una instancia de clase plantilla "SDLUtils::map_access_wrapper<Texture>" que se está compilando
E:\Selery-Studios\TheFifthElement\src\Entities\PlayerTD.h(62,49): warning C4244: 'argumento': conversión de 'float' a 'int'; posible pérdida de datos
E:\Selery-Studios\TheFifthElement\src\components\ColliderComponent.h(30,24): warning C4244: '=': conversión de 'float' a 'int'; posible pérdida de datos
E:\Selery-Studios\TheFifthElement\src\components\ColliderComponent.h(31,24): warning C4244: '=': conversión de 'float' a 'int'; posible pérdida de datos
E:\Selery-Studios\TheFifthElement\src\components\ColliderComponent.h(32,15): warning C4244: '=': conversión de 'float' a 'int'; posible pérdida de datos
E:\Selery-Studios\TheFifthElement\src\components\ColliderComponent.h(33,15): warning C4244: '=': conversión de 'float' a 'int'; posible pérdida de datos
E:\Selery-Studios\TheFifthElement\src\components\ColliderComponent.h(49,24): warning C4244: '=': conversión de 'float' a 'int'; posible pérdida de datos
E:\Selery-Studios\TheFifthElement\src\components\ColliderComponent.h(50,24): warning C4244: '=': conversión de 'float' a 'int'; posible pérdida de datos
E:\Selery-Studios\TheFifthElement\src\components\ColliderComponent.h(51,15): warning C4244: '=': conversión de 'float' a 'int'; posible pérdida de datos
E:\Selery-Studios\TheFifthElement\src\components\ColliderComponent.h(52,15): warning C4244: '=': conversión de 'float' a 'int'; posible pérdida de datos
E:\Selery-Studios\TheFifthElement\src\components\ColliderComponent.h(65,33): warning C4244: 'return': conversión de 'float' a 'int'; posible pérdida de datos
E:\Selery-Studios\TheFifthElement\src\components\ColliderComponent.h(66,32): warning C4244: 'return': conversión de 'float' a 'int'; posible pérdida de datos
E:\Selery-Studios\TheFifthElement\src\components\AnimationEnemyBEUComponent.h(77,29): warning C4244: 'return': conversión de 'float' a 'int'; posible pérdida de datos
E:\Selery-Studios\TheFifthElement\src\components\AnimationEnemyBEUComponent.h(78,30): warning C4244: 'return': conversión de 'float' a 'int'; posible pérdida de datos
E:\Selery-Studios\TheFifthElement\src\components\ColDetectorComponent.h(61,40): warning C4244: 'argumento': conversión de 'int' a 'float'; posible pérdida de datos
E:\Selery-Studios\TheFifthElement\src\components\ColDetectorComponent.h(60,69): warning C4244: 'argumento': conversión de 'int' a 'float'; posible pérdida de datos
E:\Selery-Studios\TheFifthElement\src\components\ColDetectorComponent.h(62,72): warning C4244: 'argumento': conversión de 'int' a 'float'; posible pérdida de datos
E:\Selery-Studios\TheFifthElement\src\components\ColDetectorComponent.h(62,49): warning C4244: 'argumento': conversión de 'int' a 'float'; posible pérdida de datos
E:\Selery-Studios\TheFifthElement\src\components\ColDetectorComponent.h(63,63): warning C4244: 'argumento': conversión de 'int' a 'float'; posible pérdida de datos
E:\Selery-Studios\TheFifthElement\src\components\ColDetectorComponent.h(63,40): warning C4244: 'argumento': conversión de 'int' a 'float'; posible pérdida de datos
E:\Selery-Studios\TheFifthElement\src\components\ColDetectorComponent.h(61,87): warning C4244: 'argumento': conversión de 'int' a 'float'; posible pérdida de datos
E:\Selery-Studios\TheFifthElement\src\components\ColDetectorComponent.h(61,64): warning C4244: 'argumento': conversión de 'int' a 'float'; posible pérdida de datos
E:\Selery-Studios\TheFifthElement\src\components\ColDetectorComponent.h(67,36): warning C4244: 'argumento': conversión de 'int' a 'float'; posible pérdida de datos
E:\Selery-Studios\TheFifthElement\src\components\ColDetectorComponent.h(66,70): warning C4244: 'argumento': conversión de 'int' a 'float'; posible pérdida de datos
E:\Selery-Studios\TheFifthElement\src\components\ColDetectorComponent.h(68,40): warning C4244: 'argumento': conversión de 'int' a 'float'; posible pérdida de datos
E:\Selery-Studios\TheFifthElement\src\components\ColDetectorComponent.h(68,31): warning C4244: 'argumento': conversión de 'int' a 'float'; posible pérdida de datos
E:\Selery-Studios\TheFifthElement\src\components\ColDetectorComponent.h(68,59): warning C4244: 'argumento': conversión de 'int' a 'float'; posible pérdida de datos
E:\Selery-Studios\TheFifthElement\src\components\ColDetectorComponent.h(68,50): warning C4244: 'argumento': conversión de 'int' a 'float'; posible pérdida de datos
E:\Selery-Studios\TheFifthElement\src\components\ColDetectorComponent.h(67,83): warning C4244: 'argumento': conversión de 'int' a 'float'; posible pérdida de datos
E:\Selery-Studios\TheFifthElement\src\components\ColDetectorComponent.h(67,60): warning C4244: 'argumento': conversión de 'int' a 'float'; posible pérdida de datos
E:\Selery-Studios\TheFifthElement\src\components\ColDetectorComponent.h(89,19): warning C4244: 'inicializando': conversión de 'int' a 'float'; posible pérdida de datos
E:\Selery-Studios\TheFifthElement\src\components\ColDetectorComponent.h(94,34): warning C4244: '=': conversión de 'int' a 'float'; posible pérdida de datos
E:\Selery-Studios\TheFifthElement\src\utils\Entity.h(34,27): warning C4244: 'argumento': conversión de '_Ty' a 'float'; posible pérdida de datos
          with
          [
              _Ty=int
          ]
E:\Selery-Studios\TheFifthElement\src\components\ColliderTile.h(28,1): message : Vea la referencia a la creación de una instancia de la función plantilla "T *Entity::addComponent<Transform,Vector2D&,float&,float&,int,int,int,bool>(cmpId_type,Vector2D &,float &,float &,int &&,int &&,int &&,bool &&)" que se está compilando
          with
          [
              T=Transform
          ]
  BeatEmUpState.cpp
E:\Selery-Studios\TheFifthElement\src\components\ColliderComponent.h(30,24): warning C4244: '=': conversión de 'float' a 'int'; posible pérdida de datos
E:\Selery-Studios\TheFifthElement\src\components\ColliderComponent.h(31,24): warning C4244: '=': conversión de 'float' a 'int'; posible pérdida de datos
E:\Selery-Studios\TheFifthElement\src\components\ColliderComponent.h(32,15): warning C4244: '=': conversión de 'float' a 'int'; posible pérdida de datos
E:\Selery-Studios\TheFifthElement\src\components\ColliderComponent.h(33,15): warning C4244: '=': conversión de 'float' a 'int'; posible pérdida de datos
E:\Selery-Studios\TheFifthElement\src\components\ColliderComponent.h(49,24): warning C4244: '=': conversión de 'float' a 'int'; posible pérdida de datos
E:\Selery-Studios\TheFifthElement\src\components\ColliderComponent.h(50,24): warning C4244: '=': conversión de 'float' a 'int'; posible pérdida de datos
E:\Selery-Studios\TheFifthElement\src\components\ColliderComponent.h(51,15): warning C4244: '=': conversión de 'float' a 'int'; posible pérdida de datos
E:\Selery-Studios\TheFifthElement\src\components\ColliderComponent.h(52,15): warning C4244: '=': conversión de 'float' a 'int'; posible pérdida de datos
E:\Selery-Studios\TheFifthElement\src\components\ColliderComponent.h(65,33): warning C4244: 'return': conversión de 'float' a 'int'; posible pérdida de datos
E:\Selery-Studios\TheFifthElement\src\components\ColliderComponent.h(66,32): warning C4244: 'return': conversión de 'float' a 'int'; posible pérdida de datos
E:\Selery-Studios\TheFifthElement\src\components\AnimationEnemyBEUComponent.h(77,29): warning C4244: 'return': conversión de 'float' a 'int'; posible pérdida de datos
E:\Selery-Studios\TheFifthElement\src\components\AnimationEnemyBEUComponent.h(78,30): warning C4244: 'return': conversión de 'float' a 'int'; posible pérdida de datos
E:\Selery-Studios\TheFifthElement\src\components\ColDetectorComponent.h(61,40): warning C4244: 'argumento': conversión de 'int' a 'float'; posible pérdida de datos
E:\Selery-Studios\TheFifthElement\src\components\ColDetectorComponent.h(60,69): warning C4244: 'argumento': conversión de 'int' a 'float'; posible pérdida de datos
E:\Selery-Studios\TheFifthElement\src\components\ColDetectorComponent.h(62,72): warning C4244: 'argumento': conversión de 'int' a 'float'; posible pérdida de datos
E:\Selery-Studios\TheFifthElement\src\components\ColDetectorComponent.h(62,49): warning C4244: 'argumento': conversión de 'int' a 'float'; posible pérdida de datos
E:\Selery-Studios\TheFifthElement\src\components\ColDetectorComponent.h(63,63): warning C4244: 'argumento': conversión de 'int' a 'float'; posible pérdida de datos
E:\Selery-Studios\TheFifthElement\src\components\ColDetectorComponent.h(63,40): warning C4244: 'argumento': conversión de 'int' a 'float'; posible pérdida de datos
E:\Selery-Studios\TheFifthElement\src\components\ColDetectorComponent.h(61,87): warning C4244: 'argumento': conversión de 'int' a 'float'; posible pérdida de datos
E:\Selery-Studios\TheFifthElement\src\components\ColDetectorComponent.h(61,64): warning C4244: 'argumento': conversión de 'int' a 'float'; posible pérdida de datos
E:\Selery-Studios\TheFifthElement\src\components\ColDetectorComponent.h(67,36): warning C4244: 'argumento': conversión de 'int' a 'float'; posible pérdida de datos
E:\Selery-Studios\TheFifthElement\src\components\ColDetectorComponent.h(66,70): warning C4244: 'argumento': conversión de 'int' a 'float'; posible pérdida de datos
E:\Selery-Studios\TheFifthElement\src\components\ColDetectorComponent.h(68,40): warning C4244: 'argumento': conversión de 'int' a 'float'; posible pérdida de datos
E:\Selery-Studios\TheFifthElement\src\components\ColDetectorComponent.h(68,31): warning C4244: 'argumento': conversión de 'int' a 'float'; posible pérdida de datos
E:\Selery-Studios\TheFifthElement\src\components\ColDetectorComponent.h(68,59): warning C4244: 'argumento': conversión de 'int' a 'float'; posible pérdida de datos
E:\Selery-Studios\TheFifthElement\src\components\ColDetectorComponent.h(68,50): warning C4244: 'argumento': conversión de 'int' a 'float'; posible pérdida de datos
E:\Selery-Studios\TheFifthElement\src\components\ColDetectorComponent.h(67,83): warning C4244: 'argumento': conversión de 'int' a 'float'; posible pérdida de datos
E:\Selery-Studios\TheFifthElement\src\components\ColDetectorComponent.h(67,60): warning C4244: 'argumento': conversión de 'int' a 'float'; posible pérdida de datos
E:\Selery-Studios\TheFifthElement\src\components\ColDetectorComponent.h(89,19): warning C4244: 'inicializando': conversión de 'int' a 'float'; posible pérdida de datos
E:\Selery-Studios\TheFifthElement\src\components\ColDetectorComponent.h(94,34): warning C4244: '=': conversión de 'int' a 'float'; posible pérdida de datos
E:\Selery-Studios\TheFifthElement\src\sdlutils\SDLUtils.h(52,30): warning C4101: 'e': variable local sin referencia
E:\Selery-Studios\TheFifthElement\src\sdlutils\SDLUtils.h(48,1): message : al compilar la función del miembro clase plantilla "Texture &SDLUtils::map_access_wrapper<Texture>::at(std::string)"
E:\Selery-Studios\TheFifthElement\src\sdlutils\SDLUtils.h(205,30): message : Vea la referencia a la creación de una instancia de clase plantilla "SDLUtils::map_access_wrapper<Texture>" que se está compilando
E:\Selery-Studios\TheFifthElement\src\states\BeatEmUpState.cpp(135,61): warning C4244: '=': conversión de 'float' a 'int'; posible pérdida de datos
E:\Selery-Studios\TheFifthElement\src\states\BeatEmUpState.cpp(136,47): warning C4244: '=': conversión de 'float' a 'int'; posible pérdida de datos
E:\Selery-Studios\TheFifthElement\src\utils\Entity.h(34,27): warning C4244: 'argumento': conversión de 'const uint' a 'float'; posible pérdida de datos
E:\Selery-Studios\TheFifthElement\src\states\BeatEmUpState.cpp(8,93): message : Vea la referencia a la creación de una instancia de la función plantilla "T *Entity::addComponent<Transform,Vector2D,const uint&,const uint&>(cmpId_type,Vector2D &&,const uint &,const uint &)" que se está compilando
          with
          [
              T=Transform
          ]
E:\Selery-Studios\TheFifthElement\src\utils\Entity.h(34,27): warning C4244: 'argumento': conversión de '_Ty' a 'float'; posible pérdida de datos
          with
          [
              _Ty=int
          ]
E:\Selery-Studios\TheFifthElement\src\states\BeatEmUpState.cpp(17,82): message : Vea la referencia a la creación de una instancia de la función plantilla "T *Entity::addComponent<LifeComponent,int,bool,const char(&)[5],Entity*&>(cmpId_type,int &&,bool &&,const char (&)[5],Entity *&)" que se está compilando
          with
          [
              T=LifeComponent
          ]
E:\Selery-Studios\TheFifthElement\src\utils\Entity.h(34,27): warning C4244: 'argumento': conversión de '_Ty' a 'float'; posible pérdida de datos
          with
          [
              _Ty=uint
          ]
E:\Selery-Studios\TheFifthElement\src\states\BeatEmUpState.cpp(23,141): message : Vea la referencia a la creación de una instancia de la función plantilla "T *Entity::addComponent<ColliderComponent,Vector2D,uint,uint>(cmpId_type,Vector2D &&,uint &&,uint &&)" que se está compilando
          with
          [
              T=ColliderComponent
          ]
  Camera.cpp
  CameraComponent.cpp
  CheckCollision.cpp
E:\Selery-Studios\TheFifthElement\src\components\CheckCollision.cpp(14,10): warning C4244: '=': conversión de 'float' a 'int'; posible pérdida de datos
E:\Selery-Studios\TheFifthElement\src\components\CheckCollision.cpp(58,62): warning C4244: 'argumento': conversión de 'int' a 'float'; posible pérdida de datos
E:\Selery-Studios\TheFifthElement\src\components\CheckCollision.cpp(58,49): warning C4244: 'argumento': conversión de 'int' a 'float'; posible pérdida de datos
E:\Selery-Studios\TheFifthElement\src\components\CheckCollision.cpp(58,124): warning C4244: 'argumento': conversión de 'int' a 'float'; posible pérdida de datos
E:\Selery-Studios\TheFifthElement\src\components\CheckCollision.cpp(58,112): warning C4244: 'argumento': conversión de 'int' a 'float'; posible pérdida de datos
E:\Selery-Studios\TheFifthElement\src\components\CheckCollision.cpp(58,149): warning C4244: 'argumento': conversión de 'int' a 'float'; posible pérdida de datos
E:\Selery-Studios\TheFifthElement\src\components\CheckCollision.cpp(58,137): warning C4244: 'argumento': conversión de 'int' a 'float'; posible pérdida de datos
E:\Selery-Studios\TheFifthElement\src\components\CheckCollision.cpp(58,90): warning C4244: 'argumento': conversión de 'int' a 'float'; posible pérdida de datos
E:\Selery-Studios\TheFifthElement\src\components\CheckCollision.cpp(58,77): warning C4244: 'argumento': conversión de 'int' a 'float'; posible pérdida de datos
E:\Selery-Studios\TheFifthElement\src\components\CheckCollision.cpp(62,65): warning C4244: 'argumento': conversión de 'int' a 'float'; posible pérdida de datos
E:\Selery-Studios\TheFifthElement\src\components\CheckCollision.cpp(62,51): warning C4244: 'argumento': conversión de 'int' a 'float'; posible pérdida de datos
E:\Selery-Studios\TheFifthElement\src\components\CheckCollision.cpp(62,137): warning C4244: 'argumento': conversión de 'int' a 'float'; posible pérdida de datos
E:\Selery-Studios\TheFifthElement\src\components\CheckCollision.cpp(62,120): warning C4244: 'argumento': conversión de 'int' a 'float'; posible pérdida de datos
E:\Selery-Studios\TheFifthElement\src\components\CheckCollision.cpp(62,172): warning C4244: 'argumento': conversión de 'int' a 'float'; posible pérdida de datos
E:\Selery-Studios\TheFifthElement\src\components\CheckCollision.cpp(62,155): warning C4244: 'argumento': conversión de 'int' a 'float'; posible pérdida de datos
E:\Selery-Studios\TheFifthElement\src\components\CheckCollision.cpp(62,94): warning C4244: 'argumento': conversión de 'int' a 'float'; posible pérdida de datos
E:\Selery-Studios\TheFifthElement\src\components\CheckCollision.cpp(62,80): warning C4244: 'argumento': conversión de 'int' a 'float'; posible pérdida de datos
E:\Selery-Studios\TheFifthElement\src\components\CheckCollision.cpp(69,60): warning C4244: 'argumento': conversión de 'int' a 'float'; posible pérdida de datos
E:\Selery-Studios\TheFifthElement\src\components\CheckCollision.cpp(69,46): warning C4244: 'argumento': conversión de 'int' a 'float'; posible pérdida de datos
E:\Selery-Studios\TheFifthElement\src\components\CheckCollision.cpp(69,89): warning C4244: 'argumento': conversión de 'int' a 'float'; posible pérdida de datos
E:\Selery-Studios\TheFifthElement\src\components\CheckCollision.cpp(69,75): warning C4244: 'argumento': conversión de 'int' a 'float'; posible pérdida de datos
E:\Selery-Studios\TheFifthElement\src\components\CheckCollision.cpp(80,81): warning C4244: 'argumento': conversión de 'int' a 'float'; posible pérdida de datos
E:\Selery-Studios\TheFifthElement\src\components\CheckCollision.cpp(80,67): warning C4244: 'argumento': conversión de 'int' a 'float'; posible pérdida de datos
E:\Selery-Studios\TheFifthElement\src\components\CheckCollision.cpp(80,110): warning C4244: 'argumento': conversión de 'int' a 'float'; posible pérdida de datos
E:\Selery-Studios\TheFifthElement\src\components\CheckCollision.cpp(80,96): warning C4244: 'argumento': conversión de 'int' a 'float'; posible pérdida de datos
  Compilando...
  PauseMenuState.cpp
E:\Selery-Studios\TheFifthElement\src\utils\Entity.h(34,27): warning C4244: 'argumento': conversión de '_Ty' a 'float'; posible pérdida de datos
          with
          [
              _Ty=int
          ]
E:\Selery-Studios\TheFifthElement\src\states\PauseMenuState.cpp(10,127): message : Vea la referencia a la creación de una instancia de la función plantilla "T *Entity::addComponent<Transform,Vector2D&,float&,float&,int,int,int,bool>(cmpId_type,Vector2D &,float &,float &,int &&,int &&,int &&,bool &&)" que se está compilando
          with
          [
              T=Transform
          ]
  Collision.cpp
  Enemy_movementTD_component.cpp
  DialogBox.cpp
E:\Selery-Studios\TheFifthElement\src\components\DialogueComponent.h(11,10): warning C4067: símbolos (token) inesperados después de la directiva del preprocesador; se esperaba una nueva línea
  Element.cpp
  Enemy.cpp
  EnemyBEU.cpp
  EnemyBEUDirectionComponent.cpp
E:\Selery-Studios\TheFifthElement\src\components\ColliderComponent.h(30,24): warning C4244: '=': conversión de 'float' a 'int'; posible pérdida de datos
E:\Selery-Studios\TheFifthElement\src\components\ColliderComponent.h(31,24): warning C4244: '=': conversión de 'float' a 'int'; posible pérdida de datos
E:\Selery-Studios\TheFifthElement\src\components\ColliderComponent.h(32,15): warning C4244: '=': conversión de 'float' a 'int'; posible pérdida de datos
E:\Selery-Studios\TheFifthElement\src\components\ColliderComponent.h(33,15): warning C4244: '=': conversión de 'float' a 'int'; posible pérdida de datos
E:\Selery-Studios\TheFifthElement\src\components\ColliderComponent.h(49,24): warning C4244: '=': conversión de 'float' a 'int'; posible pérdida de datos
E:\Selery-Studios\TheFifthElement\src\components\ColliderComponent.h(50,24): warning C4244: '=': conversión de 'float' a 'int'; posible pérdida de datos
E:\Selery-Studios\TheFifthElement\src\components\ColliderComponent.h(51,15): warning C4244: '=': conversión de 'float' a 'int'; posible pérdida de datos
E:\Selery-Studios\TheFifthElement\src\components\ColliderComponent.h(52,15): warning C4244: '=': conversión de 'float' a 'int'; posible pérdida de datos
E:\Selery-Studios\TheFifthElement\src\components\ColliderComponent.h(65,33): warning C4244: 'return': conversión de 'float' a 'int'; posible pérdida de datos
E:\Selery-Studios\TheFifthElement\src\components\ColliderComponent.h(66,32): warning C4244: 'return': conversión de 'float' a 'int'; posible pérdida de datos
E:\Selery-Studios\TheFifthElement\src\components\EnemyBEUDirectionComponent.cpp(29,14): warning C4244: 'inicializando': conversión de 'int' a 'float'; posible pérdida de datos
E:\Selery-Studios\TheFifthElement\src\components\EnemyBEUDirectionComponent.cpp(30,14): warning C4244: 'inicializando': conversión de 'int' a 'float'; posible pérdida de datos
E:\Selery-Studios\TheFifthElement\src\components\EnemyBEUDirectionComponent.cpp(38,13): warning C4244: 'inicializando': conversión de 'int' a 'float'; posible pérdida de datos
E:\Selery-Studios\TheFifthElement\src\components\EnemyBEUDirectionComponent.cpp(39,13): warning C4244: 'inicializando': conversión de 'int' a 'float'; posible pérdida de datos
E:\Selery-Studios\TheFifthElement\src\components\EnemyBEUDirectionComponent.cpp(50,15): warning C4244: 'inicializando': conversión de 'double' a 'float'; posible pérdida de datos
E:\Selery-Studios\TheFifthElement\src\components\EnemyBEUDirectionComponent.cpp(61,15): warning C4244: 'inicializando': conversión de 'int' a 'float'; posible pérdida de datos
  GameManager.cpp
E:\Selery-Studios\TheFifthElement\src\components\DialogueComponent.h(11,10): warning C4067: símbolos (token) inesperados después de la directiva del preprocesador; se esperaba una nueva línea
E:\Selery-Studios\TheFifthElement\src\sdlutils\SDLUtils.h(52,30): warning C4101: 'e': variable local sin referencia
E:\Selery-Studios\TheFifthElement\src\sdlutils\SDLUtils.h(48,1): message : al compilar la función del miembro clase plantilla "Texture &SDLUtils::map_access_wrapper<Texture>::at(std::string)"
E:\Selery-Studios\TheFifthElement\src\sdlutils\SDLUtils.h(205,30): message : Vea la referencia a la creación de una instancia de clase plantilla "SDLUtils::map_access_wrapper<Texture>" que se está compilando
E:\Selery-Studios\TheFifthElement\src\Entities\PlayerTD.h(62,49): warning C4244: 'argumento': conversión de 'float' a 'int'; posible pérdida de datos
E:\Selery-Studios\TheFifthElement\src\components\ColliderComponent.h(30,24): warning C4244: '=': conversión de 'float' a 'int'; posible pérdida de datos
E:\Selery-Studios\TheFifthElement\src\components\ColliderComponent.h(31,24): warning C4244: '=': conversión de 'float' a 'int'; posible pérdida de datos
E:\Selery-Studios\TheFifthElement\src\components\ColliderComponent.h(32,15): warning C4244: '=': conversión de 'float' a 'int'; posible pérdida de datos
E:\Selery-Studios\TheFifthElement\src\components\ColliderComponent.h(33,15): warning C4244: '=': conversión de 'float' a 'int'; posible pérdida de datos
E:\Selery-Studios\TheFifthElement\src\components\ColliderComponent.h(49,24): warning C4244: '=': conversión de 'float' a 'int'; posible pérdida de datos
E:\Selery-Studios\TheFifthElement\src\components\ColliderComponent.h(50,24): warning C4244: '=': conversión de 'float' a 'int'; posible pérdida de datos
E:\Selery-Studios\TheFifthElement\src\components\ColliderComponent.h(51,15): warning C4244: '=': conversión de 'float' a 'int'; posible pérdida de datos
E:\Selery-Studios\TheFifthElement\src\components\ColliderComponent.h(52,15): warning C4244: '=': conversión de 'float' a 'int'; posible pérdida de datos
E:\Selery-Studios\TheFifthElement\src\components\ColliderComponent.h(65,33): warning C4244: 'return': conversión de 'float' a 'int'; posible pérdida de datos
E:\Selery-Studios\TheFifthElement\src\components\ColliderComponent.h(66,32): warning C4244: 'return': conversión de 'float' a 'int'; posible pérdida de datos
E:\Selery-Studios\TheFifthElement\src\components\AnimationEnemyBEUComponent.h(77,29): warning C4244: 'return': conversión de 'float' a 'int'; posible pérdida de datos
E:\Selery-Studios\TheFifthElement\src\components\AnimationEnemyBEUComponent.h(78,30): warning C4244: 'return': conversión de 'float' a 'int'; posible pérdida de datos
E:\Selery-Studios\TheFifthElement\src\components\ColDetectorComponent.h(61,40): warning C4244: 'argumento': conversión de 'int' a 'float'; posible pérdida de datos
E:\Selery-Studios\TheFifthElement\src\components\ColDetectorComponent.h(60,69): warning C4244: 'argumento': conversión de 'int' a 'float'; posible pérdida de datos
E:\Selery-Studios\TheFifthElement\src\components\ColDetectorComponent.h(62,72): warning C4244: 'argumento': conversión de 'int' a 'float'; posible pérdida de datos
E:\Selery-Studios\TheFifthElement\src\components\ColDetectorComponent.h(62,49): warning C4244: 'argumento': conversión de 'int' a 'float'; posible pérdida de datos
E:\Selery-Studios\TheFifthElement\src\components\ColDetectorComponent.h(63,63): warning C4244: 'argumento': conversión de 'int' a 'float'; posible pérdida de datos
E:\Selery-Studios\TheFifthElement\src\components\ColDetectorComponent.h(63,40): warning C4244: 'argumento': conversión de 'int' a 'float'; posible pérdida de datos
E:\Selery-Studios\TheFifthElement\src\components\ColDetectorComponent.h(61,87): warning C4244: 'argumento': conversión de 'int' a 'float'; posible pérdida de datos
E:\Selery-Studios\TheFifthElement\src\components\ColDetectorComponent.h(61,64): warning C4244: 'argumento': conversión de 'int' a 'float'; posible pérdida de datos
E:\Selery-Studios\TheFifthElement\src\components\ColDetectorComponent.h(67,36): warning C4244: 'argumento': conversión de 'int' a 'float'; posible pérdida de datos
E:\Selery-Studios\TheFifthElement\src\components\ColDetectorComponent.h(66,70): warning C4244: 'argumento': conversión de 'int' a 'float'; posible pérdida de datos
E:\Selery-Studios\TheFifthElement\src\components\ColDetectorComponent.h(68,40): warning C4244: 'argumento': conversión de 'int' a 'float'; posible pérdida de datos
E:\Selery-Studios\TheFifthElement\src\components\ColDetectorComponent.h(68,31): warning C4244: 'argumento': conversión de 'int' a 'float'; posible pérdida de datos
E:\Selery-Studios\TheFifthElement\src\components\ColDetectorComponent.h(68,59): warning C4244: 'argumento': conversión de 'int' a 'float'; posible pérdida de datos
E:\Selery-Studios\TheFifthElement\src\components\ColDetectorComponent.h(68,50): warning C4244: 'argumento': conversión de 'int' a 'float'; posible pérdida de datos
E:\Selery-Studios\TheFifthElement\src\components\ColDetectorComponent.h(67,83): warning C4244: 'argumento': conversión de 'int' a 'float'; posible pérdida de datos
E:\Selery-Studios\TheFifthElement\src\components\ColDetectorComponent.h(67,60): warning C4244: 'argumento': conversión de 'int' a 'float'; posible pérdida de datos
E:\Selery-Studios\TheFifthElement\src\components\ColDetectorComponent.h(89,19): warning C4244: 'inicializando': conversión de 'int' a 'float'; posible pérdida de datos
E:\Selery-Studios\TheFifthElement\src\components\ColDetectorComponent.h(94,34): warning C4244: '=': conversión de 'int' a 'float'; posible pérdida de datos
E:\Selery-Studios\TheFifthElement\src\utils\Entity.h(34,27): warning C4244: 'argumento': conversión de '_Ty' a 'float'; posible pérdida de datos
          with
          [
              _Ty=int
          ]
E:\Selery-Studios\TheFifthElement\src\components\ColliderTile.h(28,1): message : Vea la referencia a la creación de una instancia de la función plantilla "T *Entity::addComponent<Transform,Vector2D&,float&,float&,int,int,int,bool>(cmpId_type,Vector2D &,float &,float &,int &&,int &&,int &&,bool &&)" que se está compilando
          with
          [
              T=Transform
          ]
  InputComponent.cpp
E:\Selery-Studios\TheFifthElement\src\sdlutils\SDLUtils.h(52,30): warning C4101: 'e': variable local sin referencia
E:\Selery-Studios\TheFifthElement\src\sdlutils\SDLUtils.h(48,1): message : al compilar la función del miembro clase plantilla "Texture &SDLUtils::map_access_wrapper<Texture>::at(std::string)"
E:\Selery-Studios\TheFifthElement\src\sdlutils\SDLUtils.h(205,30): message : Vea la referencia a la creación de una instancia de clase plantilla "SDLUtils::map_access_wrapper<Texture>" que se está compilando
E:\Selery-Studios\TheFifthElement\src\Entities\PlayerTD.h(62,49): warning C4244: 'argumento': conversión de 'float' a 'int'; posible pérdida de datos
E:\Selery-Studios\TheFifthElement\src\components\DialogueComponent.h(11,10): warning C4067: símbolos (token) inesperados después de la directiva del preprocesador; se esperaba una nueva línea
E:\Selery-Studios\TheFifthElement\src\components\ColliderComponent.h(30,24): warning C4244: '=': conversión de 'float' a 'int'; posible pérdida de datos
E:\Selery-Studios\TheFifthElement\src\components\ColliderComponent.h(31,24): warning C4244: '=': conversión de 'float' a 'int'; posible pérdida de datos
E:\Selery-Studios\TheFifthElement\src\components\ColliderComponent.h(32,15): warning C4244: '=': conversión de 'float' a 'int'; posible pérdida de datos
E:\Selery-Studios\TheFifthElement\src\components\ColliderComponent.h(33,15): warning C4244: '=': conversión de 'float' a 'int'; posible pérdida de datos
E:\Selery-Studios\TheFifthElement\src\components\ColliderComponent.h(49,24): warning C4244: '=': conversión de 'float' a 'int'; posible pérdida de datos
E:\Selery-Studios\TheFifthElement\src\components\ColliderComponent.h(50,24): warning C4244: '=': conversión de 'float' a 'int'; posible pérdida de datos
E:\Selery-Studios\TheFifthElement\src\components\ColliderComponent.h(51,15): warning C4244: '=': conversión de 'float' a 'int'; posible pérdida de datos
E:\Selery-Studios\TheFifthElement\src\components\ColliderComponent.h(52,15): warning C4244: '=': conversión de 'float' a 'int'; posible pérdida de datos
E:\Selery-Studios\TheFifthElement\src\components\ColliderComponent.h(65,33): warning C4244: 'return': conversión de 'float' a 'int'; posible pérdida de datos
E:\Selery-Studios\TheFifthElement\src\components\ColliderComponent.h(66,32): warning C4244: 'return': conversión de 'float' a 'int'; posible pérdida de datos
E:\Selery-Studios\TheFifthElement\src\components\AnimationEnemyBEUComponent.h(77,29): warning C4244: 'return': conversión de 'float' a 'int'; posible pérdida de datos
E:\Selery-Studios\TheFifthElement\src\components\AnimationEnemyBEUComponent.h(78,30): warning C4244: 'return': conversión de 'float' a 'int'; posible pérdida de datos
E:\Selery-Studios\TheFifthElement\src\utils\Entity.h(34,27): warning C4244: 'argumento': conversión de '_Ty' a 'float'; posible pérdida de datos
          with
          [
              _Ty=int
          ]
E:\Selery-Studios\TheFifthElement\src\components\ColliderTile.h(28,1): message : Vea la referencia a la creación de una instancia de la función plantilla "T *Entity::addComponent<Transform,Vector2D&,float&,float&,int,int,int,bool>(cmpId_type,Vector2D &,float &,float &,int &&,int &&,int &&,bool &&)" que se está compilando
          with
          [
              T=Transform
          ]
  InputComponentBEU.cpp
E:\Selery-Studios\TheFifthElement\src\components\ColliderComponent.h(30,24): warning C4244: '=': conversión de 'float' a 'int'; posible pérdida de datos
E:\Selery-Studios\TheFifthElement\src\components\ColliderComponent.h(31,24): warning C4244: '=': conversión de 'float' a 'int'; posible pérdida de datos
E:\Selery-Studios\TheFifthElement\src\components\ColliderComponent.h(32,15): warning C4244: '=': conversión de 'float' a 'int'; posible pérdida de datos
E:\Selery-Studios\TheFifthElement\src\components\ColliderComponent.h(33,15): warning C4244: '=': conversión de 'float' a 'int'; posible pérdida de datos
E:\Selery-Studios\TheFifthElement\src\components\ColliderComponent.h(49,24): warning C4244: '=': conversión de 'float' a 'int'; posible pérdida de datos
E:\Selery-Studios\TheFifthElement\src\components\ColliderComponent.h(50,24): warning C4244: '=': conversión de 'float' a 'int'; posible pérdida de datos
E:\Selery-Studios\TheFifthElement\src\components\ColliderComponent.h(51,15): warning C4244: '=': conversión de 'float' a 'int'; posible pérdida de datos
E:\Selery-Studios\TheFifthElement\src\components\ColliderComponent.h(52,15): warning C4244: '=': conversión de 'float' a 'int'; posible pérdida de datos
E:\Selery-Studios\TheFifthElement\src\components\ColliderComponent.h(65,33): warning C4244: 'return': conversión de 'float' a 'int'; posible pérdida de datos
E:\Selery-Studios\TheFifthElement\src\components\ColliderComponent.h(66,32): warning C4244: 'return': conversión de 'float' a 'int'; posible pérdida de datos
E:\Selery-Studios\TheFifthElement\src\components\AnimationEnemyBEUComponent.h(77,29): warning C4244: 'return': conversión de 'float' a 'int'; posible pérdida de datos
E:\Selery-Studios\TheFifthElement\src\components\AnimationEnemyBEUComponent.h(78,30): warning C4244: 'return': conversión de 'float' a 'int'; posible pérdida de datos
E:\Selery-Studios\TheFifthElement\src\components\ColDetectorComponent.h(61,40): warning C4244: 'argumento': conversión de 'int' a 'float'; posible pérdida de datos
E:\Selery-Studios\TheFifthElement\src\components\ColDetectorComponent.h(60,69): warning C4244: 'argumento': conversión de 'int' a 'float'; posible pérdida de datos
E:\Selery-Studios\TheFifthElement\src\components\ColDetectorComponent.h(62,72): warning C4244: 'argumento': conversión de 'int' a 'float'; posible pérdida de datos
E:\Selery-Studios\TheFifthElement\src\components\ColDetectorComponent.h(62,49): warning C4244: 'argumento': conversión de 'int' a 'float'; posible pérdida de datos
E:\Selery-Studios\TheFifthElement\src\components\ColDetectorComponent.h(63,63): warning C4244: 'argumento': conversión de 'int' a 'float'; posible pérdida de datos
E:\Selery-Studios\TheFifthElement\src\components\ColDetectorComponent.h(63,40): warning C4244: 'argumento': conversión de 'int' a 'float'; posible pérdida de datos
E:\Selery-Studios\TheFifthElement\src\components\ColDetectorComponent.h(61,87): warning C4244: 'argumento': conversión de 'int' a 'float'; posible pérdida de datos
E:\Selery-Studios\TheFifthElement\src\components\ColDetectorComponent.h(61,64): warning C4244: 'argumento': conversión de 'int' a 'float'; posible pérdida de datos
E:\Selery-Studios\TheFifthElement\src\components\ColDetectorComponent.h(67,36): warning C4244: 'argumento': conversión de 'int' a 'float'; posible pérdida de datos
E:\Selery-Studios\TheFifthElement\src\components\ColDetectorComponent.h(66,70): warning C4244: 'argumento': conversión de 'int' a 'float'; posible pérdida de datos
E:\Selery-Studios\TheFifthElement\src\components\ColDetectorComponent.h(68,40): warning C4244: 'argumento': conversión de 'int' a 'float'; posible pérdida de datos
E:\Selery-Studios\TheFifthElement\src\components\ColDetectorComponent.h(68,31): warning C4244: 'argumento': conversión de 'int' a 'float'; posible pérdida de datos
E:\Selery-Studios\TheFifthElement\src\components\ColDetectorComponent.h(68,59): warning C4244: 'argumento': conversión de 'int' a 'float'; posible pérdida de datos
E:\Selery-Studios\TheFifthElement\src\components\ColDetectorComponent.h(68,50): warning C4244: 'argumento': conversión de 'int' a 'float'; posible pérdida de datos
E:\Selery-Studios\TheFifthElement\src\components\ColDetectorComponent.h(67,83): warning C4244: 'argumento': conversión de 'int' a 'float'; posible pérdida de datos
E:\Selery-Studios\TheFifthElement\src\components\ColDetectorComponent.h(67,60): warning C4244: 'argumento': conversión de 'int' a 'float'; posible pérdida de datos
E:\Selery-Studios\TheFifthElement\src\components\ColDetectorComponent.h(89,19): warning C4244: 'inicializando': conversión de 'int' a 'float'; posible pérdida de datos
E:\Selery-Studios\TheFifthElement\src\components\ColDetectorComponent.h(94,34): warning C4244: '=': conversión de 'int' a 'float'; posible pérdida de datos
E:\Selery-Studios\TheFifthElement\src\sdlutils\SDLUtils.h(52,30): warning C4101: 'e': variable local sin referencia
E:\Selery-Studios\TheFifthElement\src\sdlutils\SDLUtils.h(48,1): message : al compilar la función del miembro clase plantilla "Texture &SDLUtils::map_access_wrapper<Texture>::at(std::string)"
E:\Selery-Studios\TheFifthElement\src\sdlutils\SDLUtils.h(205,30): message : Vea la referencia a la creación de una instancia de clase plantilla "SDLUtils::map_access_wrapper<Texture>" que se está compilando
  LifeComponent.cpp
E:\Selery-Studios\TheFifthElement\src\components\ColliderComponent.h(30,24): warning C4244: '=': conversión de 'float' a 'int'; posible pérdida de datos
E:\Selery-Studios\TheFifthElement\src\components\ColliderComponent.h(31,24): warning C4244: '=': conversión de 'float' a 'int'; posible pérdida de datos
E:\Selery-Studios\TheFifthElement\src\components\ColliderComponent.h(32,15): warning C4244: '=': conversión de 'float' a 'int'; posible pérdida de datos
E:\Selery-Studios\TheFifthElement\src\components\ColliderComponent.h(33,15): warning C4244: '=': conversión de 'float' a 'int'; posible pérdida de datos
E:\Selery-Studios\TheFifthElement\src\components\ColliderComponent.h(49,24): warning C4244: '=': conversión de 'float' a 'int'; posible pérdida de datos
E:\Selery-Studios\TheFifthElement\src\components\ColliderComponent.h(50,24): warning C4244: '=': conversión de 'float' a 'int'; posible pérdida de datos
E:\Selery-Studios\TheFifthElement\src\components\ColliderComponent.h(51,15): warning C4244: '=': conversión de 'float' a 'int'; posible pérdida de datos
E:\Selery-Studios\TheFifthElement\src\components\ColliderComponent.h(52,15): warning C4244: '=': conversión de 'float' a 'int'; posible pérdida de datos
E:\Selery-Studios\TheFifthElement\src\components\ColliderComponent.h(65,33): warning C4244: 'return': conversión de 'float' a 'int'; posible pérdida de datos
E:\Selery-Studios\TheFifthElement\src\components\ColliderComponent.h(66,32): warning C4244: 'return': conversión de 'float' a 'int'; posible pérdida de datos
E:\Selery-Studios\TheFifthElement\src\components\AnimationEnemyBEUComponent.h(77,29): warning C4244: 'return': conversión de 'float' a 'int'; posible pérdida de datos
E:\Selery-Studios\TheFifthElement\src\components\AnimationEnemyBEUComponent.h(78,30): warning C4244: 'return': conversión de 'float' a 'int'; posible pérdida de datos
E:\Selery-Studios\TheFifthElement\src\components\LifeComponent.cpp(34,100): warning C4244: 'argumento': conversión de 'int' a 'float'; posible pérdida de datos
E:\Selery-Studios\TheFifthElement\src\components\LifeComponent.cpp(34,75): warning C4244: 'argumento': conversión de 'int' a 'float'; posible pérdida de datos
E:\Selery-Studios\TheFifthElement\src\components\LifeComponent.cpp(147,24): warning C4244: '=': conversión de 'float' a 'int'; posible pérdida de datos
E:\Selery-Studios\TheFifthElement\src\components\LifeComponent.cpp(148,24): warning C4244: '=': conversión de 'float' a 'int'; posible pérdida de datos
E:\Selery-Studios\TheFifthElement\src\components\LifeComponent.cpp(149,12): warning C4244: '=': conversión de 'float' a 'int'; posible pérdida de datos
E:\Selery-Studios\TheFifthElement\src\components\LifeComponent.cpp(150,12): warning C4244: '=': conversión de 'float' a 'int'; posible pérdida de datos
E:\Selery-Studios\TheFifthElement\src\components\LifeComponent.cpp(154,12): warning C4244: '=': conversión de 'float' a 'int'; posible pérdida de datos
E:\Selery-Studios\TheFifthElement\src\components\LifeComponent.cpp(155,12): warning C4244: '=': conversión de 'float' a 'int'; posible pérdida de datos
E:\Selery-Studios\TheFifthElement\src\components\LifeComponent.cpp(159,12): warning C4244: '=': conversión de 'float' a 'int'; posible pérdida de datos
E:\Selery-Studios\TheFifthElement\src\components\LifeComponent.cpp(160,12): warning C4244: '=': conversión de 'float' a 'int'; posible pérdida de datos
E:\Selery-Studios\TheFifthElement\src\components\LifeComponent.cpp(166,12): warning C4244: '=': conversión de 'float' a 'int'; posible pérdida de datos
E:\Selery-Studios\TheFifthElement\src\components\LifeComponent.cpp(167,12): warning C4244: '=': conversión de 'float' a 'int'; posible pérdida de datos
E:\Selery-Studios\TheFifthElement\src\components\LifeComponent.cpp(171,12): warning C4244: '=': conversión de 'float' a 'int'; posible pérdida de datos
E:\Selery-Studios\TheFifthElement\src\components\LifeComponent.cpp(172,12): warning C4244: '=': conversión de 'float' a 'int'; posible pérdida de datos
E:\Selery-Studios\TheFifthElement\src\components\LifeComponent.cpp(176,12): warning C4244: '=': conversión de 'float' a 'int'; posible pérdida de datos
E:\Selery-Studios\TheFifthElement\src\components\LifeComponent.cpp(177,12): warning C4244: '=': conversión de 'float' a 'int'; posible pérdida de datos
E:\Selery-Studios\TheFifthElement\src\sdlutils\SDLUtils.h(52,30): warning C4101: 'e': variable local sin referencia
E:\Selery-Studios\TheFifthElement\src\sdlutils\SDLUtils.h(48,1): message : al compilar la función del miembro clase plantilla "Texture &SDLUtils::map_access_wrapper<Texture>::at(std::string)"
E:\Selery-Studios\TheFifthElement\src\sdlutils\SDLUtils.h(205,30): message : Vea la referencia a la creación de una instancia de clase plantilla "SDLUtils::map_access_wrapper<Texture>" que se está compilando
  MovementComponent.cpp
  Npc.cpp
  ObjectsComponent.cpp
  PlayerBEU.cpp
  PlayerTD.cpp
E:\Selery-Studios\TheFifthElement\src\sdlutils\SDLUtils.h(52,30): warning C4101: 'e': variable local sin referencia
E:\Selery-Studios\TheFifthElement\src\sdlutils\SDLUtils.h(48,1): message : al compilar la función del miembro clase plantilla "Texture &SDLUtils::map_access_wrapper<Texture>::at(std::string)"
E:\Selery-Studios\TheFifthElement\src\sdlutils\SDLUtils.h(205,30): message : Vea la referencia a la creación de una instancia de clase plantilla "SDLUtils::map_access_wrapper<Texture>" que se está compilando
E:\Selery-Studios\TheFifthElement\src\Entities\PlayerTD.h(62,49): warning C4244: 'argumento': conversión de 'float' a 'int'; posible pérdida de datos
  PortalComponent.cpp
E:\Selery-Studios\TheFifthElement\src\components\DialogueComponent.h(11,10): warning C4067: símbolos (token) inesperados después de la directiva del preprocesador; se esperaba una nueva línea
E:\Selery-Studios\TheFifthElement\src\sdlutils\SDLUtils.h(52,30): warning C4101: 'e': variable local sin referencia
E:\Selery-Studios\TheFifthElement\src\sdlutils\SDLUtils.h(48,1): message : al compilar la función del miembro clase plantilla "Texture &SDLUtils::map_access_wrapper<Texture>::at(std::string)"
E:\Selery-Studios\TheFifthElement\src\sdlutils\SDLUtils.h(205,30): message : Vea la referencia a la creación de una instancia de clase plantilla "SDLUtils::map_access_wrapper<Texture>" que se está compilando
E:\Selery-Studios\TheFifthElement\src\Entities\PlayerTD.h(62,49): warning C4244: 'argumento': conversión de 'float' a 'int'; posible pérdida de datos
E:\Selery-Studios\TheFifthElement\src\components\ColliderComponent.h(30,24): warning C4244: '=': conversión de 'float' a 'int'; posible pérdida de datos
E:\Selery-Studios\TheFifthElement\src\components\ColliderComponent.h(31,24): warning C4244: '=': conversión de 'float' a 'int'; posible pérdida de datos
E:\Selery-Studios\TheFifthElement\src\components\ColliderComponent.h(32,15): warning C4244: '=': conversión de 'float' a 'int'; posible pérdida de datos
E:\Selery-Studios\TheFifthElement\src\components\ColliderComponent.h(33,15): warning C4244: '=': conversión de 'float' a 'int'; posible pérdida de datos
E:\Selery-Studios\TheFifthElement\src\components\ColliderComponent.h(49,24): warning C4244: '=': conversión de 'float' a 'int'; posible pérdida de datos
E:\Selery-Studios\TheFifthElement\src\components\ColliderComponent.h(50,24): warning C4244: '=': conversión de 'float' a 'int'; posible pérdida de datos
E:\Selery-Studios\TheFifthElement\src\components\ColliderComponent.h(51,15): warning C4244: '=': conversión de 'float' a 'int'; posible pérdida de datos
E:\Selery-Studios\TheFifthElement\src\components\ColliderComponent.h(52,15): warning C4244: '=': conversión de 'float' a 'int'; posible pérdida de datos
E:\Selery-Studios\TheFifthElement\src\components\ColliderComponent.h(65,33): warning C4244: 'return': conversión de 'float' a 'int'; posible pérdida de datos
E:\Selery-Studios\TheFifthElement\src\components\ColliderComponent.h(66,32): warning C4244: 'return': conversión de 'float' a 'int'; posible pérdida de datos
E:\Selery-Studios\TheFifthElement\src\components\AnimationEnemyBEUComponent.h(77,29): warning C4244: 'return': conversión de 'float' a 'int'; posible pérdida de datos
E:\Selery-Studios\TheFifthElement\src\components\AnimationEnemyBEUComponent.h(78,30): warning C4244: 'return': conversión de 'float' a 'int'; posible pérdida de datos
E:\Selery-Studios\TheFifthElement\src\utils\Entity.h(34,27): warning C4244: 'argumento': conversión de '_Ty' a 'float'; posible pérdida de datos
          with
          [
              _Ty=int
          ]
E:\Selery-Studios\TheFifthElement\src\components\ColliderTile.h(28,1): message : Vea la referencia a la creación de una instancia de la función plantilla "T *Entity::addComponent<Transform,Vector2D&,float&,float&,int,int,int,bool>(cmpId_type,Vector2D &,float &,float &,int &&,int &&,int &&,bool &&)" que se está compilando
          with
          [
              T=Transform
          ]
  SkinComponent.cpp
E:\Selery-Studios\TheFifthElement\src\sdlutils\SDLUtils.h(52,30): warning C4101: 'e': variable local sin referencia
E:\Selery-Studios\TheFifthElement\src\sdlutils\SDLUtils.h(48,1): message : al compilar la función del miembro clase plantilla "Texture &SDLUtils::map_access_wrapper<Texture>::at(std::string)"
E:\Selery-Studios\TheFifthElement\src\sdlutils\SDLUtils.h(205,30): message : Vea la referencia a la creación de una instancia de clase plantilla "SDLUtils::map_access_wrapper<Texture>" que se está compilando
E:\Selery-Studios\TheFifthElement\src\Entities\PlayerTD.h(62,49): warning C4244: 'argumento': conversión de 'float' a 'int'; posible pérdida de datos
  GameState.cpp
  Compilando...
  GameStateMachine.cpp
  MainMenuState.cpp
E:\Selery-Studios\TheFifthElement\src\components\DialogueComponent.h(11,10): warning C4067: símbolos (token) inesperados después de la directiva del preprocesador; se esperaba una nueva línea
E:\Selery-Studios\TheFifthElement\src\sdlutils\SDLUtils.h(52,30): warning C4101: 'e': variable local sin referencia
E:\Selery-Studios\TheFifthElement\src\sdlutils\SDLUtils.h(48,1): message : al compilar la función del miembro clase plantilla "Texture &SDLUtils::map_access_wrapper<Texture>::at(std::string)"
E:\Selery-Studios\TheFifthElement\src\sdlutils\SDLUtils.h(205,30): message : Vea la referencia a la creación de una instancia de clase plantilla "SDLUtils::map_access_wrapper<Texture>" que se está compilando
E:\Selery-Studios\TheFifthElement\src\Entities\PlayerTD.h(62,49): warning C4244: 'argumento': conversión de 'float' a 'int'; posible pérdida de datos
E:\Selery-Studios\TheFifthElement\src\components\ColliderComponent.h(30,24): warning C4244: '=': conversión de 'float' a 'int'; posible pérdida de datos
E:\Selery-Studios\TheFifthElement\src\components\ColliderComponent.h(31,24): warning C4244: '=': conversión de 'float' a 'int'; posible pérdida de datos
E:\Selery-Studios\TheFifthElement\src\components\ColliderComponent.h(32,15): warning C4244: '=': conversión de 'float' a 'int'; posible pérdida de datos
E:\Selery-Studios\TheFifthElement\src\components\ColliderComponent.h(33,15): warning C4244: '=': conversión de 'float' a 'int'; posible pérdida de datos
E:\Selery-Studios\TheFifthElement\src\components\ColliderComponent.h(49,24): warning C4244: '=': conversión de 'float' a 'int'; posible pérdida de datos
E:\Selery-Studios\TheFifthElement\src\components\ColliderComponent.h(50,24): warning C4244: '=': conversión de 'float' a 'int'; posible pérdida de datos
E:\Selery-Studios\TheFifthElement\src\components\ColliderComponent.h(51,15): warning C4244: '=': conversión de 'float' a 'int'; posible pérdida de datos
E:\Selery-Studios\TheFifthElement\src\components\ColliderComponent.h(52,15): warning C4244: '=': conversión de 'float' a 'int'; posible pérdida de datos
E:\Selery-Studios\TheFifthElement\src\components\ColliderComponent.h(65,33): warning C4244: 'return': conversión de 'float' a 'int'; posible pérdida de datos
E:\Selery-Studios\TheFifthElement\src\components\ColliderComponent.h(66,32): warning C4244: 'return': conversión de 'float' a 'int'; posible pérdida de datos
E:\Selery-Studios\TheFifthElement\src\components\AnimationEnemyBEUComponent.h(77,29): warning C4244: 'return': conversión de 'float' a 'int'; posible pérdida de datos
E:\Selery-Studios\TheFifthElement\src\components\AnimationEnemyBEUComponent.h(78,30): warning C4244: 'return': conversión de 'float' a 'int'; posible pérdida de datos
E:\Selery-Studios\TheFifthElement\src\components\ColDetectorComponent.h(61,40): warning C4244: 'argumento': conversión de 'int' a 'float'; posible pérdida de datos
E:\Selery-Studios\TheFifthElement\src\components\ColDetectorComponent.h(60,69): warning C4244: 'argumento': conversión de 'int' a 'float'; posible pérdida de datos
E:\Selery-Studios\TheFifthElement\src\components\ColDetectorComponent.h(62,72): warning C4244: 'argumento': conversión de 'int' a 'float'; posible pérdida de datos
E:\Selery-Studios\TheFifthElement\src\components\ColDetectorComponent.h(62,49): warning C4244: 'argumento': conversión de 'int' a 'float'; posible pérdida de datos
E:\Selery-Studios\TheFifthElement\src\components\ColDetectorComponent.h(63,63): warning C4244: 'argumento': conversión de 'int' a 'float'; posible pérdida de datos
E:\Selery-Studios\TheFifthElement\src\components\ColDetectorComponent.h(63,40): warning C4244: 'argumento': conversión de 'int' a 'float'; posible pérdida de datos
E:\Selery-Studios\TheFifthElement\src\components\ColDetectorComponent.h(61,87): warning C4244: 'argumento': conversión de 'int' a 'float'; posible pérdida de datos
E:\Selery-Studios\TheFifthElement\src\components\ColDetectorComponent.h(61,64): warning C4244: 'argumento': conversión de 'int' a 'float'; posible pérdida de datos
E:\Selery-Studios\TheFifthElement\src\components\ColDetectorComponent.h(67,36): warning C4244: 'argumento': conversión de 'int' a 'float'; posible pérdida de datos
E:\Selery-Studios\TheFifthElement\src\components\ColDetectorComponent.h(66,70): warning C4244: 'argumento': conversión de 'int' a 'float'; posible pérdida de datos
E:\Selery-Studios\TheFifthElement\src\components\ColDetectorComponent.h(68,40): warning C4244: 'argumento': conversión de 'int' a 'float'; posible pérdida de datos
E:\Selery-Studios\TheFifthElement\src\components\ColDetectorComponent.h(68,31): warning C4244: 'argumento': conversión de 'int' a 'float'; posible pérdida de datos
E:\Selery-Studios\TheFifthElement\src\components\ColDetectorComponent.h(68,59): warning C4244: 'argumento': conversión de 'int' a 'float'; posible pérdida de datos
E:\Selery-Studios\TheFifthElement\src\components\ColDetectorComponent.h(68,50): warning C4244: 'argumento': conversión de 'int' a 'float'; posible pérdida de datos
E:\Selery-Studios\TheFifthElement\src\components\ColDetectorComponent.h(67,83): warning C4244: 'argumento': conversión de 'int' a 'float'; posible pérdida de datos
E:\Selery-Studios\TheFifthElement\src\components\ColDetectorComponent.h(67,60): warning C4244: 'argumento': conversión de 'int' a 'float'; posible pérdida de datos
E:\Selery-Studios\TheFifthElement\src\components\ColDetectorComponent.h(89,19): warning C4244: 'inicializando': conversión de 'int' a 'float'; posible pérdida de datos
E:\Selery-Studios\TheFifthElement\src\components\ColDetectorComponent.h(94,34): warning C4244: '=': conversión de 'int' a 'float'; posible pérdida de datos
E:\Selery-Studios\TheFifthElement\src\utils\Entity.h(34,27): warning C4244: 'argumento': conversión de '_Ty' a 'float'; posible pérdida de datos
          with
          [
              _Ty=int
          ]
E:\Selery-Studios\TheFifthElement\src\components\ColliderTile.h(28,1): message : Vea la referencia a la creación de una instancia de la función plantilla "T *Entity::addComponent<Transform,Vector2D&,float&,float&,int,int,int,bool>(cmpId_type,Vector2D &,float &,float &,int &&,int &&,int &&,bool &&)" que se está compilando
          with
          [
              T=Transform
          ]
E:\Selery-Studios\TheFifthElement\src\utils\Entity.h(34,27): warning C4244: 'argumento': conversión de 'float' a 'int'; posible pérdida de datos
E:\Selery-Studios\TheFifthElement\src\states\MainMenuState.cpp(55,77): message : Vea la referencia a la creación de una instancia de la función plantilla "T *Entity::addComponent<Image,Texture*&,int&,int&,int,float,float&>(cmpId_type,Texture *&,int &,int &,int &&,float &&,float &)" que se está compilando
          with
          [
              T=Image
          ]
E:\Selery-Studios\TheFifthElement\src\utils\Entity.h(34,27): warning C4244: 'argumento': conversión de '_Ty' a 'int'; posible pérdida de datos
          with
          [
              _Ty=float
          ]
E:\Selery-Studios\TheFifthElement\src\utils\Entity.h(34,27): warning C4244: 'argumento': conversión de 'int' a 'float'; posible pérdida de datos
E:\Selery-Studios\TheFifthElement\src\utils\Entity.h(34,27): warning C4244: 'argumento': conversión de 'const uint' a 'float'; posible pérdida de datos
  TopDownState.cpp
E:\Selery-Studios\TheFifthElement\src\components\DialogueComponent.h(11,10): warning C4067: símbolos (token) inesperados después de la directiva del preprocesador; se esperaba una nueva línea
E:\Selery-Studios\TheFifthElement\src\sdlutils\SDLUtils.h(52,30): warning C4101: 'e': variable local sin referencia
E:\Selery-Studios\TheFifthElement\src\sdlutils\SDLUtils.h(48,1): message : al compilar la función del miembro clase plantilla "Texture &SDLUtils::map_access_wrapper<Texture>::at(std::string)"
E:\Selery-Studios\TheFifthElement\src\sdlutils\SDLUtils.h(205,30): message : Vea la referencia a la creación de una instancia de clase plantilla "SDLUtils::map_access_wrapper<Texture>" que se está compilando
E:\Selery-Studios\TheFifthElement\src\Entities\PlayerTD.h(62,49): warning C4244: 'argumento': conversión de 'float' a 'int'; posible pérdida de datos
E:\Selery-Studios\TheFifthElement\src\components\ColliderComponent.h(30,24): warning C4244: '=': conversión de 'float' a 'int'; posible pérdida de datos
E:\Selery-Studios\TheFifthElement\src\components\ColliderComponent.h(31,24): warning C4244: '=': conversión de 'float' a 'int'; posible pérdida de datos
E:\Selery-Studios\TheFifthElement\src\components\ColliderComponent.h(32,15): warning C4244: '=': conversión de 'float' a 'int'; posible pérdida de datos
E:\Selery-Studios\TheFifthElement\src\components\ColliderComponent.h(33,15): warning C4244: '=': conversión de 'float' a 'int'; posible pérdida de datos
E:\Selery-Studios\TheFifthElement\src\components\ColliderComponent.h(49,24): warning C4244: '=': conversión de 'float' a 'int'; posible pérdida de datos
E:\Selery-Studios\TheFifthElement\src\components\ColliderComponent.h(50,24): warning C4244: '=': conversión de 'float' a 'int'; posible pérdida de datos
E:\Selery-Studios\TheFifthElement\src\components\ColliderComponent.h(51,15): warning C4244: '=': conversión de 'float' a 'int'; posible pérdida de datos
E:\Selery-Studios\TheFifthElement\src\components\ColliderComponent.h(52,15): warning C4244: '=': conversión de 'float' a 'int'; posible pérdida de datos
E:\Selery-Studios\TheFifthElement\src\components\ColliderComponent.h(65,33): warning C4244: 'return': conversión de 'float' a 'int'; posible pérdida de datos
E:\Selery-Studios\TheFifthElement\src\components\ColliderComponent.h(66,32): warning C4244: 'return': conversión de 'float' a 'int'; posible pérdida de datos
E:\Selery-Studios\TheFifthElement\src\components\AnimationEnemyBEUComponent.h(77,29): warning C4244: 'return': conversión de 'float' a 'int'; posible pérdida de datos
E:\Selery-Studios\TheFifthElement\src\components\AnimationEnemyBEUComponent.h(78,30): warning C4244: 'return': conversión de 'float' a 'int'; posible pérdida de datos
E:\Selery-Studios\TheFifthElement\src\states\TopDownState.cpp(83,42): warning C4018: '<=': no coinciden signed/unsigned
E:\Selery-Studios\TheFifthElement\src\states\TopDownState.cpp(263,64): warning C4244: '=': conversión de 'float' a 'int'; posible pérdida de datos
E:\Selery-Studios\TheFifthElement\src\states\TopDownState.cpp(264,64): warning C4244: '=': conversión de 'float' a 'int'; posible pérdida de datos
E:\Selery-Studios\TheFifthElement\src\utils\Entity.h(34,27): warning C4244: 'argumento': conversión de '_Ty' a 'float'; posible pérdida de datos
          with
          [
              _Ty=int
          ]
E:\Selery-Studios\TheFifthElement\src\components\ColliderTile.h(28,1): message : Vea la referencia a la creación de una instancia de la función plantilla "T *Entity::addComponent<Transform,Vector2D&,float&,float&,int,int,int,bool>(cmpId_type,Vector2D &,float &,float &,int &&,int &&,int &&,bool &&)" que se está compilando
          with
          [
              T=Transform
          ]
E:\Selery-Studios\TheFifthElement\src\utils\Entity.h(34,27): warning C4244: 'argumento': conversión de 'const uint' a 'float'; posible pérdida de datos
E:\Selery-Studios\TheFifthElement\src\states\TopDownState.cpp(156,177): message : Vea la referencia a la creación de una instancia de la función plantilla "T *Entity::addComponent<Transform,Vector2D,const uint&,const uint&>(cmpId_type,Vector2D &&,const uint &,const uint &)" que se está compilando
          with
          [
              T=Transform
          ]
E:\Selery-Studios\TheFifthElement\src\utils\Entity.h(34,27): warning C4244: 'argumento': conversión de '_Ty' a 'float'; posible pérdida de datos
          with
          [
              _Ty=uint32_t
          ]
E:\Selery-Studios\TheFifthElement\src\states\TopDownState.cpp(172,115): message : Vea la referencia a la creación de una instancia de la función plantilla "T *Entity::addComponent<ColliderComponent,Vector2D,const uint&,uint>(cmpId_type,Vector2D &&,const uint &,uint &&)" que se está compilando
          with
          [
              T=ColliderComponent
          ]
E:\Selery-Studios\TheFifthElement\src\utils\Entity.h(34,27): warning C4244: 'argumento': conversión de 'float' a 'int'; posible pérdida de datos
E:\Selery-Studios\TheFifthElement\src\states\TopDownState.cpp(182,140): message : Vea la referencia a la creación de una instancia de la función plantilla "T *Entity::addComponent<Image,Texture*,const uint&,const uint&,int,float&,float&>(cmpId_type,Texture *&&,const uint &,const uint &,int &&,float &,float &)" que se está compilando
          with
          [
              T=Image
          ]
  JSON.cpp
  JSONValue.cpp
  SDLUtils.cpp
  SoundEffect.cpp
  Texture.cpp
  TheFifthElement.cpp
E:\Selery-Studios\TheFifthElement\src\components\DialogueComponent.h(11,10): warning C4067: símbolos (token) inesperados después de la directiva del preprocesador; se esperaba una nueva línea
E:\Selery-Studios\TheFifthElement\src\sdlutils\SDLUtils.h(52,30): warning C4101: 'e': variable local sin referencia
E:\Selery-Studios\TheFifthElement\src\sdlutils\SDLUtils.h(48,1): message : al compilar la función del miembro clase plantilla "Texture &SDLUtils::map_access_wrapper<Texture>::at(std::string)"
E:\Selery-Studios\TheFifthElement\src\sdlutils\SDLUtils.h(205,30): message : Vea la referencia a la creación de una instancia de clase plantilla "SDLUtils::map_access_wrapper<Texture>" que se está compilando
E:\Selery-Studios\TheFifthElement\src\Entities\PlayerTD.h(62,49): warning C4244: 'argumento': conversión de 'float' a 'int'; posible pérdida de datos
E:\Selery-Studios\TheFifthElement\src\components\ColliderComponent.h(30,24): warning C4244: '=': conversión de 'float' a 'int'; posible pérdida de datos
E:\Selery-Studios\TheFifthElement\src\components\ColliderComponent.h(31,24): warning C4244: '=': conversión de 'float' a 'int'; posible pérdida de datos
E:\Selery-Studios\TheFifthElement\src\components\ColliderComponent.h(32,15): warning C4244: '=': conversión de 'float' a 'int'; posible pérdida de datos
E:\Selery-Studios\TheFifthElement\src\components\ColliderComponent.h(33,15): warning C4244: '=': conversión de 'float' a 'int'; posible pérdida de datos
E:\Selery-Studios\TheFifthElement\src\components\ColliderComponent.h(49,24): warning C4244: '=': conversión de 'float' a 'int'; posible pérdida de datos
E:\Selery-Studios\TheFifthElement\src\components\ColliderComponent.h(50,24): warning C4244: '=': conversión de 'float' a 'int'; posible pérdida de datos
E:\Selery-Studios\TheFifthElement\src\components\ColliderComponent.h(51,15): warning C4244: '=': conversión de 'float' a 'int'; posible pérdida de datos
E:\Selery-Studios\TheFifthElement\src\components\ColliderComponent.h(52,15): warning C4244: '=': conversión de 'float' a 'int'; posible pérdida de datos
E:\Selery-Studios\TheFifthElement\src\components\ColliderComponent.h(65,33): warning C4244: 'return': conversión de 'float' a 'int'; posible pérdida de datos
E:\Selery-Studios\TheFifthElement\src\components\ColliderComponent.h(66,32): warning C4244: 'return': conversión de 'float' a 'int'; posible pérdida de datos
E:\Selery-Studios\TheFifthElement\src\components\AnimationEnemyBEUComponent.h(77,29): warning C4244: 'return': conversión de 'float' a 'int'; posible pérdida de datos
E:\Selery-Studios\TheFifthElement\src\components\AnimationEnemyBEUComponent.h(78,30): warning C4244: 'return': conversión de 'float' a 'int'; posible pérdida de datos
E:\Selery-Studios\TheFifthElement\src\components\ColDetectorComponent.h(61,40): warning C4244: 'argumento': conversión de 'int' a 'float'; posible pérdida de datos
E:\Selery-Studios\TheFifthElement\src\components\ColDetectorComponent.h(60,69): warning C4244: 'argumento': conversión de 'int' a 'float'; posible pérdida de datos
E:\Selery-Studios\TheFifthElement\src\components\ColDetectorComponent.h(62,72): warning C4244: 'argumento': conversión de 'int' a 'float'; posible pérdida de datos
E:\Selery-Studios\TheFifthElement\src\components\ColDetectorComponent.h(62,49): warning C4244: 'argumento': conversión de 'int' a 'float'; posible pérdida de datos
E:\Selery-Studios\TheFifthElement\src\components\ColDetectorComponent.h(63,63): warning C4244: 'argumento': conversión de 'int' a 'float'; posible pérdida de datos
E:\Selery-Studios\TheFifthElement\src\components\ColDetectorComponent.h(63,40): warning C4244: 'argumento': conversión de 'int' a 'float'; posible pérdida de datos
E:\Selery-Studios\TheFifthElement\src\components\ColDetectorComponent.h(61,87): warning C4244: 'argumento': conversión de 'int' a 'float'; posible pérdida de datos
E:\Selery-Studios\TheFifthElement\src\components\ColDetectorComponent.h(61,64): warning C4244: 'argumento': conversión de 'int' a 'float'; posible pérdida de datos
E:\Selery-Studios\TheFifthElement\src\components\ColDetectorComponent.h(67,36): warning C4244: 'argumento': conversión de 'int' a 'float'; posible pérdida de datos
E:\Selery-Studios\TheFifthElement\src\components\ColDetectorComponent.h(66,70): warning C4244: 'argumento': conversión de 'int' a 'float'; posible pérdida de datos
E:\Selery-Studios\TheFifthElement\src\components\ColDetectorComponent.h(68,40): warning C4244: 'argumento': conversión de 'int' a 'float'; posible pérdida de datos
E:\Selery-Studios\TheFifthElement\src\components\ColDetectorComponent.h(68,31): warning C4244: 'argumento': conversión de 'int' a 'float'; posible pérdida de datos
E:\Selery-Studios\TheFifthElement\src\components\ColDetectorComponent.h(68,59): warning C4244: 'argumento': conversión de 'int' a 'float'; posible pérdida de datos
E:\Selery-Studios\TheFifthElement\src\components\ColDetectorComponent.h(68,50): warning C4244: 'argumento': conversión de 'int' a 'float'; posible pérdida de datos
E:\Selery-Studios\TheFifthElement\src\components\ColDetectorComponent.h(67,83): warning C4244: 'argumento': conversión de 'int' a 'float'; posible pérdida de datos
E:\Selery-Studios\TheFifthElement\src\components\ColDetectorComponent.h(67,60): warning C4244: 'argumento': conversión de 'int' a 'float'; posible pérdida de datos
E:\Selery-Studios\TheFifthElement\src\components\ColDetectorComponent.h(89,19): warning C4244: 'inicializando': conversión de 'int' a 'float'; posible pérdida de datos
E:\Selery-Studios\TheFifthElement\src\components\ColDetectorComponent.h(94,34): warning C4244: '=': conversión de 'int' a 'float'; posible pérdida de datos
E:\Selery-Studios\TheFifthElement\src\utils\Entity.h(34,27): warning C4244: 'argumento': conversión de '_Ty' a 'float'; posible pérdida de datos
          with
          [
              _Ty=int
          ]
E:\Selery-Studios\TheFifthElement\src\components\ColliderTile.h(28,1): message : Vea la referencia a la creación de una instancia de la función plantilla "T *Entity::addComponent<Transform,Vector2D&,float&,float&,int,int,int,bool>(cmpId_type,Vector2D &,float &,float &,int &&,int &&,int &&,bool &&)" que se está compilando
          with
          [
              T=Transform
          ]
  Component.cpp
  Entity.cpp
  Manager.cpp
  Vector2D.cpp
     Creando biblioteca E:\Selery-Studios\TheFifthElement\x64\Release\TheFifthElement.lib y objeto E:\Selery-Studios\TheFifthElement\x64\Release\TheFifthElement.exp
  Generando código
  Previous IPDB not found, fall back to full compilation.
E:\Selery-Studios\TheFifthElement\src\states\TopDownState.h(133): warning C4715: 'TopDownState::EnemyTexture': no todas las rutas de acceso de control devuelven un valor
E:\Selery-Studios\TheFifthElement\src\states\TopDownState.h(107): warning C4715: 'TopDownState::npcTexture': no todas las rutas de acceso de control devuelven un valor
  All 3278 functions were compiled because no usable IPDB/IOBJ from previous compilation was found.
  Generación de código finalizada
  TheFifthElement.vcxproj -> E:\Selery-Studios\TheFifthElement\x64\Release\TheFifthElement.exe
